{"/Users/didiandmalish/Desktop/vuestarter/Scripts/app.js": {"path":"/Users/didiandmalish/Desktop/vuestarter/Scripts/app.js","statementMap":{"0":{"start":{"line":3,"column":11},"end":{"line":3,"column":25}},"1":{"start":{"line":3,"column":38},"end":{"line":3,"column":66}},"2":{"start":{"line":7,"column":15},"end":{"line":7,"column":46}},"3":{"start":{"line":7,"column":63},"end":{"line":7,"column":95}},"4":{"start":{"line":8,"column":18},"end":{"line":8,"column":53}},"5":{"start":{"line":8,"column":73},"end":{"line":8,"column":108}},"6":{"start":{"line":8,"column":147},"end":{"line":8,"column":201}},"7":{"start":{"line":11,"column":0},"end":{"line":11,"column":43}},"8":{"start":{"line":15,"column":0},"end":{"line":15,"column":54}},"9":{"start":{"line":15,"column":54},"end":{"line":15,"column":115}},"10":{"start":{"line":17,"column":0},"end":{"line":22,"column":3}}},"fnMap":{"0":{"name":"_interopRequireDefault","decl":{"start":{"line":8,"column":118},"end":{"line":8,"column":140}},"loc":{"start":{"line":8,"column":146},"end":{"line":8,"column":202}},"line":8}},"branchMap":{"0":{"loc":{"start":{"line":8,"column":154},"end":{"line":8,"column":200}},"type":"cond-expr","locations":[{"start":{"line":8,"column":178},"end":{"line":8,"column":181}},{"start":{"line":8,"column":184},"end":{"line":8,"column":200}}],"line":8},"1":{"loc":{"start":{"line":8,"column":154},"end":{"line":8,"column":175}},"type":"binary-expr","locations":[{"start":{"line":8,"column":154},"end":{"line":8,"column":157}},{"start":{"line":8,"column":161},"end":{"line":8,"column":175}}],"line":8}},"s":{"0":0,"1":0,"2":0,"3":0,"4":0,"5":0,"6":0,"7":0,"8":0,"9":0,"10":0},"f":{"0":0},"b":{"0":[0,0],"1":[0,0]}}
,"/Users/didiandmalish/Desktop/vuestarter/Scripts/build/build.js": {"path":"/Users/didiandmalish/Desktop/vuestarter/Scripts/build/build.js","statementMap":{"0":{"start":{"line":2,"column":0},"end":{"line":2,"column":30}},"1":{"start":{"line":4,"column":0},"end":{"line":4,"column":36}},"2":{"start":{"line":6,"column":10},"end":{"line":6,"column":24}},"3":{"start":{"line":7,"column":9},"end":{"line":7,"column":26}},"4":{"start":{"line":8,"column":11},"end":{"line":8,"column":26}},"5":{"start":{"line":9,"column":12},"end":{"line":9,"column":28}},"6":{"start":{"line":10,"column":14},"end":{"line":10,"column":32}},"7":{"start":{"line":11,"column":13},"end":{"line":11,"column":33}},"8":{"start":{"line":12,"column":20},"end":{"line":12,"column":50}},"9":{"start":{"line":14,"column":14},"end":{"line":14,"column":47}},"10":{"start":{"line":15,"column":0},"end":{"line":15,"column":16}},"11":{"start":{"line":17,"column":0},"end":{"line":41,"column":3}},"12":{"start":{"line":18,"column":2},"end":{"line":18,"column":21}},"13":{"start":{"line":18,"column":11},"end":{"line":18,"column":21}},"14":{"start":{"line":19,"column":2},"end":{"line":40,"column":5}},"15":{"start":{"line":20,"column":4},"end":{"line":20,"column":19}},"16":{"start":{"line":21,"column":4},"end":{"line":21,"column":23}},"17":{"start":{"line":21,"column":13},"end":{"line":21,"column":23}},"18":{"start":{"line":22,"column":4},"end":{"line":28,"column":12}},"19":{"start":{"line":30,"column":4},"end":{"line":33,"column":5}},"20":{"start":{"line":31,"column":6},"end":{"line":31,"column":62}},"21":{"start":{"line":32,"column":6},"end":{"line":32,"column":22}},"22":{"start":{"line":35,"column":4},"end":{"line":35,"column":51}},"23":{"start":{"line":36,"column":4},"end":{"line":38,"column":57}}},"fnMap":{"0":{"name":"(anonymous_0)","decl":{"start":{"line":17,"column":72},"end":{"line":17,"column":73}},"loc":{"start":{"line":17,"column":87},"end":{"line":41,"column":1}},"line":17},"1":{"name":"(anonymous_1)","decl":{"start":{"line":19,"column":25},"end":{"line":19,"column":26}},"loc":{"start":{"line":19,"column":47},"end":{"line":40,"column":3}},"line":19}},"branchMap":{"0":{"loc":{"start":{"line":18,"column":2},"end":{"line":18,"column":21}},"type":"if","locations":[{"start":{"line":18,"column":2},"end":{"line":18,"column":21}},{"start":{"line":18,"column":2},"end":{"line":18,"column":21}}],"line":18},"1":{"loc":{"start":{"line":21,"column":4},"end":{"line":21,"column":23}},"type":"if","locations":[{"start":{"line":21,"column":4},"end":{"line":21,"column":23}},{"start":{"line":21,"column":4},"end":{"line":21,"column":23}}],"line":21},"2":{"loc":{"start":{"line":30,"column":4},"end":{"line":33,"column":5}},"type":"if","locations":[{"start":{"line":30,"column":4},"end":{"line":33,"column":5}},{"start":{"line":30,"column":4},"end":{"line":33,"column":5}}],"line":30}},"s":{"0":0,"1":0,"2":0,"3":0,"4":0,"5":0,"6":0,"7":0,"8":0,"9":0,"10":0,"11":0,"12":0,"13":0,"14":0,"15":0,"16":0,"17":0,"18":0,"19":0,"20":0,"21":0,"22":0,"23":0},"f":{"0":0,"1":0},"b":{"0":[0,0],"1":[0,0],"2":[0,0]}}
,"/Users/didiandmalish/Desktop/vuestarter/Scripts/build/check-versions.js": {"path":"/Users/didiandmalish/Desktop/vuestarter/Scripts/build/check-versions.js","statementMap":{"0":{"start":{"line":2,"column":12},"end":{"line":2,"column":28}},"1":{"start":{"line":3,"column":13},"end":{"line":3,"column":30}},"2":{"start":{"line":4,"column":20},"end":{"line":4,"column":49}},"3":{"start":{"line":5,"column":12},"end":{"line":5,"column":30}},"4":{"start":{"line":8,"column":2},"end":{"line":11,"column":9}},"5":{"start":{"line":14,"column":26},"end":{"line":18,"column":51}},"6":{"start":{"line":22,"column":0},"end":{"line":28,"column":1}},"7":{"start":{"line":23,"column":2},"end":{"line":26,"column":53}},"8":{"start":{"line":30,"column":0},"end":{"line":64,"column":2}},"9":{"start":{"line":31,"column":17},"end":{"line":31,"column":19}},"10":{"start":{"line":33,"column":2},"end":{"line":45,"column":3}},"11":{"start":{"line":34,"column":14},"end":{"line":34,"column":36}},"12":{"start":{"line":36,"column":4},"end":{"line":44,"column":5}},"13":{"start":{"line":37,"column":6},"end":{"line":42,"column":43}},"14":{"start":{"line":47,"column":2},"end":{"line":63,"column":3}},"15":{"start":{"line":48,"column":4},"end":{"line":48,"column":20}},"16":{"start":{"line":49,"column":4},"end":{"line":51,"column":68}},"17":{"start":{"line":54,"column":4},"end":{"line":54,"column":18}},"18":{"start":{"line":56,"column":4},"end":{"line":59,"column":5}},"19":{"start":{"line":57,"column":20},"end":{"line":57,"column":32}},"20":{"start":{"line":58,"column":6},"end":{"line":58,"column":34}},"21":{"start":{"line":61,"column":4},"end":{"line":61,"column":18}},"22":{"start":{"line":62,"column":4},"end":{"line":62,"column":20}}},"fnMap":{"0":{"name":"exec","decl":{"start":{"line":7,"column":9},"end":{"line":7,"column":13}},"loc":{"start":{"line":7,"column":19},"end":{"line":12,"column":1}},"line":7},"1":{"name":"(anonymous_1)","decl":{"start":{"line":30,"column":17},"end":{"line":30,"column":18}},"loc":{"start":{"line":30,"column":29},"end":{"line":64,"column":1}},"line":30}},"branchMap":{"0":{"loc":{"start":{"line":22,"column":0},"end":{"line":28,"column":1}},"type":"if","locations":[{"start":{"line":22,"column":0},"end":{"line":28,"column":1}},{"start":{"line":22,"column":0},"end":{"line":28,"column":1}}],"line":22},"1":{"loc":{"start":{"line":36,"column":4},"end":{"line":44,"column":5}},"type":"if","locations":[{"start":{"line":36,"column":4},"end":{"line":44,"column":5}},{"start":{"line":36,"column":4},"end":{"line":44,"column":5}}],"line":36},"2":{"loc":{"start":{"line":47,"column":2},"end":{"line":63,"column":3}},"type":"if","locations":[{"start":{"line":47,"column":2},"end":{"line":63,"column":3}},{"start":{"line":47,"column":2},"end":{"line":63,"column":3}}],"line":47}},"s":{"0":0,"1":0,"2":0,"3":0,"4":0,"5":0,"6":0,"7":0,"8":0,"9":0,"10":0,"11":0,"12":0,"13":0,"14":0,"15":0,"16":0,"17":0,"18":0,"19":0,"20":0,"21":0,"22":0},"f":{"0":0,"1":0},"b":{"0":[0,0],"1":[0,0],"2":[0,0]}}
,"/Users/didiandmalish/Desktop/vuestarter/Scripts/build/utils.js": {"path":"/Users/didiandmalish/Desktop/vuestarter/Scripts/build/utils.js","statementMap":{"0":{"start":{"line":1,"column":27},"end":{"line":1,"column":73}},"1":{"start":{"line":1,"column":89},"end":{"line":1,"column":120}},"2":{"start":{"line":1,"column":159},"end":{"line":1,"column":213}},"3":{"start":{"line":2,"column":11},"end":{"line":2,"column":26}},"4":{"start":{"line":3,"column":13},"end":{"line":3,"column":33}},"5":{"start":{"line":4,"column":24},"end":{"line":4,"column":62}},"6":{"start":{"line":5,"column":20},"end":{"line":5,"column":49}},"7":{"start":{"line":7,"column":0},"end":{"line":14,"column":2}},"8":{"start":{"line":9,"column":2},"end":{"line":11,"column":31}},"9":{"start":{"line":13,"column":2},"end":{"line":13,"column":52}},"10":{"start":{"line":16,"column":0},"end":{"line":70,"column":2}},"11":{"start":{"line":17,"column":2},"end":{"line":17,"column":26}},"12":{"start":{"line":19,"column":18},"end":{"line":22,"column":38}},"13":{"start":{"line":26,"column":22},"end":{"line":29,"column":38}},"14":{"start":{"line":35,"column":18},"end":{"line":37,"column":15}},"15":{"start":{"line":39,"column":4},"end":{"line":46,"column":5}},"16":{"start":{"line":40,"column":6},"end":{"line":43,"column":45}},"17":{"start":{"line":50,"column":4},"end":{"line":57,"column":5}},"18":{"start":{"line":51,"column":6},"end":{"line":53,"column":40}},"19":{"start":{"line":56,"column":6},"end":{"line":56,"column":50}},"20":{"start":{"line":61,"column":2},"end":{"line":68,"column":38}},"21":{"start":{"line":73,"column":0},"end":{"line":86,"column":2}},"22":{"start":{"line":74,"column":15},"end":{"line":74,"column":17}},"23":{"start":{"line":75,"column":16},"end":{"line":75,"column":43}},"24":{"start":{"line":77,"column":2},"end":{"line":83,"column":3}},"25":{"start":{"line":78,"column":17},"end":{"line":78,"column":35}},"26":{"start":{"line":79,"column":4},"end":{"line":81,"column":21}},"27":{"start":{"line":85,"column":2},"end":{"line":85,"column":16}},"28":{"start":{"line":88,"column":0},"end":{"line":104,"column":2}},"29":{"start":{"line":89,"column":17},"end":{"line":89,"column":41}},"30":{"start":{"line":91,"column":2},"end":{"line":103,"column":4}},"31":{"start":{"line":92,"column":4},"end":{"line":92,"column":37}},"32":{"start":{"line":92,"column":30},"end":{"line":92,"column":37}},"33":{"start":{"line":94,"column":16},"end":{"line":94,"column":25}},"34":{"start":{"line":95,"column":19},"end":{"line":95,"column":60}},"35":{"start":{"line":97,"column":4},"end":{"line":101,"column":48}}},"fnMap":{"0":{"name":"_interopRequireDefault","decl":{"start":{"line":1,"column":130},"end":{"line":1,"column":152}},"loc":{"start":{"line":1,"column":158},"end":{"line":1,"column":214}},"line":1},"1":{"name":"(anonymous_1)","decl":{"start":{"line":7,"column":21},"end":{"line":7,"column":22}},"loc":{"start":{"line":7,"column":38},"end":{"line":14,"column":1}},"line":7},"2":{"name":"(anonymous_2)","decl":{"start":{"line":16,"column":21},"end":{"line":16,"column":22}},"loc":{"start":{"line":16,"column":40},"end":{"line":70,"column":1}},"line":16},"3":{"name":"generateLoaders","decl":{"start":{"line":34,"column":11},"end":{"line":34,"column":26}},"loc":{"start":{"line":34,"column":50},"end":{"line":58,"column":3}},"line":34},"4":{"name":"(anonymous_4)","decl":{"start":{"line":73,"column":23},"end":{"line":73,"column":24}},"loc":{"start":{"line":73,"column":42},"end":{"line":86,"column":1}},"line":73},"5":{"name":"(anonymous_5)","decl":{"start":{"line":88,"column":33},"end":{"line":88,"column":34}},"loc":{"start":{"line":88,"column":45},"end":{"line":104,"column":1}},"line":88},"6":{"name":"(anonymous_6)","decl":{"start":{"line":91,"column":9},"end":{"line":91,"column":10}},"loc":{"start":{"line":91,"column":37},"end":{"line":103,"column":3}},"line":91}},"branchMap":{"0":{"loc":{"start":{"line":1,"column":166},"end":{"line":1,"column":212}},"type":"cond-expr","locations":[{"start":{"line":1,"column":190},"end":{"line":1,"column":193}},{"start":{"line":1,"column":196},"end":{"line":1,"column":212}}],"line":1},"1":{"loc":{"start":{"line":1,"column":166},"end":{"line":1,"column":187}},"type":"binary-expr","locations":[{"start":{"line":1,"column":166},"end":{"line":1,"column":169}},{"start":{"line":1,"column":173},"end":{"line":1,"column":187}}],"line":1},"2":{"loc":{"start":{"line":9,"column":2},"end":{"line":11,"column":31}},"type":"cond-expr","locations":[{"start":{"line":10,"column":2},"end":{"line":10,"column":33}},{"start":{"line":11,"column":2},"end":{"line":11,"column":31}}],"line":9},"3":{"loc":{"start":{"line":17,"column":12},"end":{"line":17,"column":25}},"type":"binary-expr","locations":[{"start":{"line":17,"column":12},"end":{"line":17,"column":19}},{"start":{"line":17,"column":23},"end":{"line":17,"column":25}}],"line":17},"4":{"loc":{"start":{"line":35,"column":18},"end":{"line":37,"column":15}},"type":"cond-expr","locations":[{"start":{"line":36,"column":4},"end":{"line":36,"column":30}},{"start":{"line":37,"column":4},"end":{"line":37,"column":15}}],"line":35},"5":{"loc":{"start":{"line":39,"column":4},"end":{"line":46,"column":5}},"type":"if","locations":[{"start":{"line":39,"column":4},"end":{"line":46,"column":5}},{"start":{"line":39,"column":4},"end":{"line":46,"column":5}}],"line":39},"6":{"loc":{"start":{"line":50,"column":4},"end":{"line":57,"column":5}},"type":"if","locations":[{"start":{"line":50,"column":4},"end":{"line":57,"column":5}},{"start":{"line":50,"column":4},"end":{"line":57,"column":5}}],"line":50},"7":{"loc":{"start":{"line":92,"column":4},"end":{"line":92,"column":37}},"type":"if","locations":[{"start":{"line":92,"column":4},"end":{"line":92,"column":37}},{"start":{"line":92,"column":4},"end":{"line":92,"column":37}}],"line":92},"8":{"loc":{"start":{"line":95,"column":19},"end":{"line":95,"column":60}},"type":"binary-expr","locations":[{"start":{"line":95,"column":19},"end":{"line":95,"column":29}},{"start":{"line":95,"column":33},"end":{"line":95,"column":60}}],"line":95},"9":{"loc":{"start":{"line":100,"column":16},"end":{"line":100,"column":30}},"type":"binary-expr","locations":[{"start":{"line":100,"column":16},"end":{"line":100,"column":24}},{"start":{"line":100,"column":28},"end":{"line":100,"column":30}}],"line":100}},"s":{"0":0,"1":0,"2":0,"3":0,"4":0,"5":0,"6":0,"7":0,"8":0,"9":0,"10":0,"11":0,"12":0,"13":0,"14":0,"15":0,"16":0,"17":0,"18":0,"19":0,"20":0,"21":0,"22":0,"23":0,"24":0,"25":0,"26":0,"27":0,"28":0,"29":0,"30":0,"31":0,"32":0,"33":0,"34":0,"35":0},"f":{"0":0,"1":0,"2":0,"3":0,"4":0,"5":0,"6":0},"b":{"0":[0,0],"1":[0,0],"2":[0,0],"3":[0,0],"4":[0,0],"5":[0,0],"6":[0,0],"7":[0,0],"8":[0,0],"9":[0,0]}}
,"/Users/didiandmalish/Desktop/vuestarter/Scripts/build/vue-loader.conf.js": {"path":"/Users/didiandmalish/Desktop/vuestarter/Scripts/build/vue-loader.conf.js","statementMap":{"0":{"start":{"line":2,"column":12},"end":{"line":2,"column":30}},"1":{"start":{"line":3,"column":13},"end":{"line":3,"column":33}},"2":{"start":{"line":4,"column":19},"end":{"line":4,"column":56}},"3":{"start":{"line":5,"column":23},"end":{"line":7,"column":23}},"4":{"start":{"line":9,"column":0},"end":{"line":20,"column":28}}},"fnMap":{},"branchMap":{"0":{"loc":{"start":{"line":5,"column":23},"end":{"line":7,"column":23}},"type":"cond-expr","locations":[{"start":{"line":6,"column":0},"end":{"line":6,"column":32}},{"start":{"line":7,"column":0},"end":{"line":7,"column":23}}],"line":5}},"s":{"0":0,"1":0,"2":0,"3":0,"4":0},"f":{},"b":{"0":[0,0]}}
,"/Users/didiandmalish/Desktop/vuestarter/Scripts/build/webpack.base.conf.js": {"path":"/Users/didiandmalish/Desktop/vuestarter/Scripts/build/webpack.base.conf.js","statementMap":{"0":{"start":{"line":1,"column":39},"end":{"line":1,"column":89}},"1":{"start":{"line":1,"column":116},"end":{"line":1,"column":159}},"2":{"start":{"line":1,"column":198},"end":{"line":1,"column":252}},"3":{"start":{"line":2,"column":11},"end":{"line":2,"column":26}},"4":{"start":{"line":3,"column":12},"end":{"line":3,"column":30}},"5":{"start":{"line":4,"column":13},"end":{"line":4,"column":33}},"6":{"start":{"line":5,"column":22},"end":{"line":5,"column":50}},"7":{"start":{"line":8,"column":2},"end":{"line":8,"column":41}},"8":{"start":{"line":11,"column":24},"end":{"line":18,"column":62}},"9":{"start":{"line":11,"column":54},"end":{"line":18,"column":61}},"10":{"start":{"line":22,"column":0},"end":{"line":95,"column":31}}},"fnMap":{"0":{"name":"_interopRequireDefault","decl":{"start":{"line":1,"column":169},"end":{"line":1,"column":191}},"loc":{"start":{"line":1,"column":197},"end":{"line":1,"column":253}},"line":1},"1":{"name":"resolve","decl":{"start":{"line":7,"column":9},"end":{"line":7,"column":16}},"loc":{"start":{"line":7,"column":22},"end":{"line":9,"column":1}},"line":7},"2":{"name":"createLintingRule","decl":{"start":{"line":11,"column":33},"end":{"line":11,"column":50}},"loc":{"start":{"line":11,"column":53},"end":{"line":18,"column":62}},"line":11}},"branchMap":{"0":{"loc":{"start":{"line":1,"column":205},"end":{"line":1,"column":251}},"type":"cond-expr","locations":[{"start":{"line":1,"column":229},"end":{"line":1,"column":232}},{"start":{"line":1,"column":235},"end":{"line":1,"column":251}}],"line":1},"1":{"loc":{"start":{"line":1,"column":205},"end":{"line":1,"column":226}},"type":"binary-expr","locations":[{"start":{"line":1,"column":205},"end":{"line":1,"column":208}},{"start":{"line":1,"column":212},"end":{"line":1,"column":226}}],"line":1},"2":{"loc":{"start":{"line":31,"column":4},"end":{"line":33,"column":31}},"type":"cond-expr","locations":[{"start":{"line":32,"column":4},"end":{"line":32,"column":33}},{"start":{"line":33,"column":4},"end":{"line":33,"column":31}}],"line":31},"3":{"loc":{"start":{"line":44,"column":4},"end":{"line":44,"column":53}},"type":"cond-expr","locations":[{"start":{"line":44,"column":27},"end":{"line":44,"column":48}},{"start":{"line":44,"column":51},"end":{"line":44,"column":53}}],"line":44}},"s":{"0":0,"1":0,"2":0,"3":0,"4":0,"5":0,"6":0,"7":0,"8":0,"9":0,"10":0},"f":{"0":0,"1":0,"2":0},"b":{"0":[0,0],"1":[0,0],"2":[0,0],"3":[0,0]}}
,"/Users/didiandmalish/Desktop/vuestarter/Scripts/build/webpack.dev.conf.js": {"path":"/Users/didiandmalish/Desktop/vuestarter/Scripts/build/webpack.dev.conf.js","statementMap":{"0":{"start":{"line":1,"column":28},"end":{"line":1,"column":68}},"1":{"start":{"line":1,"column":85},"end":{"line":1,"column":117}},"2":{"start":{"line":1,"column":156},"end":{"line":1,"column":210}},"3":{"start":{"line":2,"column":12},"end":{"line":2,"column":30}},"4":{"start":{"line":3,"column":14},"end":{"line":3,"column":32}},"5":{"start":{"line":4,"column":13},"end":{"line":4,"column":33}},"6":{"start":{"line":5,"column":12},"end":{"line":5,"column":36}},"7":{"start":{"line":6,"column":11},"end":{"line":6,"column":26}},"8":{"start":{"line":7,"column":24},"end":{"line":7,"column":54}},"9":{"start":{"line":8,"column":24},"end":{"line":8,"column":54}},"10":{"start":{"line":10,"column":27},"end":{"line":10,"column":68}},"11":{"start":{"line":11,"column":17},"end":{"line":11,"column":38}},"12":{"start":{"line":13,"column":11},"end":{"line":13,"column":27}},"13":{"start":{"line":14,"column":11},"end":{"line":14,"column":55}},"14":{"start":{"line":16,"column":23},"end":{"line":72,"column":26}},"15":{"start":{"line":78,"column":0},"end":{"line":108,"column":3}},"16":{"start":{"line":79,"column":2},"end":{"line":79,"column":60}},"17":{"start":{"line":80,"column":2},"end":{"line":107,"column":5}},"18":{"start":{"line":81,"column":4},"end":{"line":106,"column":5}},"19":{"start":{"line":82,"column":6},"end":{"line":82,"column":18}},"20":{"start":{"line":85,"column":6},"end":{"line":85,"column":30}},"21":{"start":{"line":87,"column":6},"end":{"line":87,"column":45}},"22":{"start":{"line":90,"column":6},"end":{"line":101,"column":22}},"23":{"start":{"line":105,"column":6},"end":{"line":105,"column":32}}},"fnMap":{"0":{"name":"_interopRequireDefault","decl":{"start":{"line":1,"column":127},"end":{"line":1,"column":149}},"loc":{"start":{"line":1,"column":155},"end":{"line":1,"column":211}},"line":1},"1":{"name":"(anonymous_1)","decl":{"start":{"line":78,"column":39},"end":{"line":78,"column":40}},"loc":{"start":{"line":78,"column":66},"end":{"line":108,"column":1}},"line":78},"2":{"name":"(anonymous_2)","decl":{"start":{"line":80,"column":21},"end":{"line":80,"column":22}},"loc":{"start":{"line":80,"column":42},"end":{"line":107,"column":3}},"line":80}},"branchMap":{"0":{"loc":{"start":{"line":1,"column":163},"end":{"line":1,"column":209}},"type":"cond-expr","locations":[{"start":{"line":1,"column":187},"end":{"line":1,"column":190}},{"start":{"line":1,"column":193},"end":{"line":1,"column":209}}],"line":1},"1":{"loc":{"start":{"line":1,"column":163},"end":{"line":1,"column":184}},"type":"binary-expr","locations":[{"start":{"line":1,"column":163},"end":{"line":1,"column":166}},{"start":{"line":1,"column":170},"end":{"line":1,"column":184}}],"line":1},"2":{"loc":{"start":{"line":14,"column":11},"end":{"line":14,"column":55}},"type":"binary-expr","locations":[{"start":{"line":14,"column":11},"end":{"line":14,"column":27}},{"start":{"line":14,"column":31},"end":{"line":14,"column":55}}],"line":14},"3":{"loc":{"start":{"line":40,"column":10},"end":{"line":40,"column":33}},"type":"binary-expr","locations":[{"start":{"line":40,"column":10},"end":{"line":40,"column":14}},{"start":{"line":40,"column":18},"end":{"line":40,"column":33}}],"line":40},"4":{"loc":{"start":{"line":41,"column":10},"end":{"line":41,"column":33}},"type":"binary-expr","locations":[{"start":{"line":41,"column":10},"end":{"line":41,"column":14}},{"start":{"line":41,"column":18},"end":{"line":41,"column":33}}],"line":41},"5":{"loc":{"start":{"line":43,"column":13},"end":{"line":45,"column":9}},"type":"cond-expr","locations":[{"start":{"line":44,"column":4},"end":{"line":44,"column":37}},{"start":{"line":45,"column":4},"end":{"line":45,"column":9}}],"line":43},"6":{"loc":{"start":{"line":79,"column":24},"end":{"line":79,"column":59}},"type":"binary-expr","locations":[{"start":{"line":79,"column":24},"end":{"line":79,"column":40}},{"start":{"line":79,"column":44},"end":{"line":79,"column":59}}],"line":79},"7":{"loc":{"start":{"line":81,"column":4},"end":{"line":106,"column":5}},"type":"if","locations":[{"start":{"line":81,"column":4},"end":{"line":106,"column":5}},{"start":{"line":81,"column":4},"end":{"line":106,"column":5}}],"line":81},"8":{"loc":{"start":{"line":99,"column":18},"end":{"line":101,"column":17}},"type":"cond-expr","locations":[{"start":{"line":100,"column":8},"end":{"line":100,"column":38}},{"start":{"line":101,"column":8},"end":{"line":101,"column":17}}],"line":99}},"s":{"0":0,"1":0,"2":0,"3":0,"4":0,"5":0,"6":0,"7":0,"8":0,"9":0,"10":0,"11":0,"12":0,"13":0,"14":0,"15":0,"16":0,"17":0,"18":0,"19":0,"20":0,"21":0,"22":0,"23":0},"f":{"0":0,"1":0,"2":0},"b":{"0":[0,0],"1":[0,0],"2":[0,0],"3":[0,0],"4":[0,0],"5":[0,0],"6":[0,0],"7":[0,0],"8":[0,0]}}
,"/Users/didiandmalish/Desktop/vuestarter/Scripts/build/webpack.prod.conf.js": {"path":"/Users/didiandmalish/Desktop/vuestarter/Scripts/build/webpack.prod.conf.js","statementMap":{"0":{"start":{"line":2,"column":11},"end":{"line":2,"column":26}},"1":{"start":{"line":3,"column":12},"end":{"line":3,"column":30}},"2":{"start":{"line":4,"column":14},"end":{"line":4,"column":32}},"3":{"start":{"line":5,"column":13},"end":{"line":5,"column":33}},"4":{"start":{"line":6,"column":12},"end":{"line":6,"column":36}},"5":{"start":{"line":7,"column":24},"end":{"line":7,"column":54}},"6":{"start":{"line":8,"column":24},"end":{"line":8,"column":54}},"7":{"start":{"line":10,"column":24},"end":{"line":10,"column":62}},"8":{"start":{"line":11,"column":24},"end":{"line":11,"column":69}},"9":{"start":{"line":12,"column":21},"end":{"line":12,"column":55}},"10":{"start":{"line":15,"column":0},"end":{"line":17,"column":29}},"11":{"start":{"line":19,"column":20},"end":{"line":120,"column":26}},"12":{"start":{"line":90,"column":6},"end":{"line":95,"column":11}},"13":{"start":{"line":126,"column":0},"end":{"line":140,"column":1}},"14":{"start":{"line":127,"column":33},"end":{"line":127,"column":70}},"15":{"start":{"line":129,"column":2},"end":{"line":137,"column":22}},"16":{"start":{"line":142,"column":0},"end":{"line":146,"column":1}},"17":{"start":{"line":143,"column":29},"end":{"line":144,"column":22}},"18":{"start":{"line":145,"column":2},"end":{"line":145,"column":57}},"19":{"start":{"line":148,"column":0},"end":{"line":148,"column":31}}},"fnMap":{"0":{"name":"minChunks","decl":{"start":{"line":88,"column":24},"end":{"line":88,"column":33}},"loc":{"start":{"line":88,"column":42},"end":{"line":97,"column":5}},"line":88}},"branchMap":{"0":{"loc":{"start":{"line":15,"column":0},"end":{"line":17,"column":29}},"type":"cond-expr","locations":[{"start":{"line":16,"column":0},"end":{"line":16,"column":29}},{"start":{"line":17,"column":0},"end":{"line":17,"column":29}}],"line":15},"1":{"loc":{"start":{"line":27,"column":11},"end":{"line":27,"column":74}},"type":"cond-expr","locations":[{"start":{"line":27,"column":46},"end":{"line":27,"column":66}},{"start":{"line":27,"column":69},"end":{"line":27,"column":74}}],"line":27},"2":{"loc":{"start":{"line":59,"column":25},"end":{"line":61,"column":18}},"type":"cond-expr","locations":[{"start":{"line":60,"column":4},"end":{"line":60,"column":42}},{"start":{"line":61,"column":4},"end":{"line":61,"column":18}}],"line":59},"3":{"loc":{"start":{"line":91,"column":8},"end":{"line":95,"column":9}},"type":"binary-expr","locations":[{"start":{"line":91,"column":8},"end":{"line":91,"column":23}},{"start":{"line":92,"column":8},"end":{"line":92,"column":37}},{"start":{"line":93,"column":8},"end":{"line":95,"column":9}}],"line":91},"4":{"loc":{"start":{"line":126,"column":0},"end":{"line":140,"column":1}},"type":"if","locations":[{"start":{"line":126,"column":0},"end":{"line":140,"column":1}},{"start":{"line":126,"column":0},"end":{"line":140,"column":1}}],"line":126},"5":{"loc":{"start":{"line":142,"column":0},"end":{"line":146,"column":1}},"type":"if","locations":[{"start":{"line":142,"column":0},"end":{"line":146,"column":1}},{"start":{"line":142,"column":0},"end":{"line":146,"column":1}}],"line":142}},"s":{"0":0,"1":0,"2":0,"3":0,"4":0,"5":0,"6":0,"7":0,"8":0,"9":0,"10":0,"11":0,"12":0,"13":0,"14":0,"15":0,"16":0,"17":0,"18":0,"19":0},"f":{"0":0},"b":{"0":[0,0],"1":[0,0],"2":[0,0],"3":[0,0,0],"4":[0,0],"5":[0,0]}}
,"/Users/didiandmalish/Desktop/vuestarter/Scripts/components/counter.vue": {"path":"/Users/didiandmalish/Desktop/vuestarter/Scripts/components/counter.vue","statementMap":{"0":{"start":{"line":1,"column":1},"end":{"line":54,"column":4}},"1":{"start":{"line":4,"column":0},"end":{"line":6,"column":3}},"2":{"start":{"line":26,"column":0},"end":{"line":53,"column":2}},"3":{"start":{"line":29,"column":4},"end":{"line":32,"column":6}},"4":{"start":{"line":38,"column":6},"end":{"line":38,"column":26}},"5":{"start":{"line":41,"column":6},"end":{"line":41,"column":28}},"6":{"start":{"line":42,"column":6},"end":{"line":42,"column":25}},"7":{"start":{"line":47,"column":16},"end":{"line":47,"column":20}},"8":{"start":{"line":49,"column":4},"end":{"line":51,"column":13}},"9":{"start":{"line":50,"column":6},"end":{"line":50,"column":27}},"10":{"start":{"line":55,"column":0},"end":{"line":55,"column":70}},"11":{"start":{"line":55,"column":31},"end":{"line":55,"column":70}},"12":{"start":{"line":56,"column":24},"end":{"line":56,"column":100}},"13":{"start":{"line":57,"column":0},"end":{"line":57,"column":635}},"14":{"start":{"line":57,"column":54},"end":{"line":57,"column":58}},"15":{"start":{"line":57,"column":66},"end":{"line":57,"column":84}},"16":{"start":{"line":57,"column":92},"end":{"line":57,"column":108}},"17":{"start":{"line":57,"column":109},"end":{"line":57,"column":634}},"18":{"start":{"line":57,"column":489},"end":{"line":57,"column":511}},"19":{"start":{"line":57,"column":592},"end":{"line":57,"column":610}},"20":{"start":{"line":58,"column":0},"end":{"line":58,"column":37}}},"fnMap":{"0":{"name":"(anonymous_0)","decl":{"start":{"line":1,"column":2},"end":{"line":1,"column":3}},"loc":{"start":{"line":1,"column":12},"end":{"line":54,"column":1}},"line":1},"1":{"name":"data","decl":{"start":{"line":28,"column":17},"end":{"line":28,"column":21}},"loc":{"start":{"line":28,"column":24},"end":{"line":33,"column":3}},"line":28},"2":{"name":"incrementCounter","decl":{"start":{"line":37,"column":31},"end":{"line":37,"column":47}},"loc":{"start":{"line":37,"column":50},"end":{"line":39,"column":5}},"line":37},"3":{"name":"resetCounter","decl":{"start":{"line":40,"column":27},"end":{"line":40,"column":39}},"loc":{"start":{"line":40,"column":42},"end":{"line":43,"column":5}},"line":40},"4":{"name":"created","decl":{"start":{"line":46,"column":20},"end":{"line":46,"column":27}},"loc":{"start":{"line":46,"column":30},"end":{"line":52,"column":3}},"line":46},"5":{"name":"(anonymous_5)","decl":{"start":{"line":49,"column":16},"end":{"line":49,"column":17}},"loc":{"start":{"line":49,"column":28},"end":{"line":51,"column":5}},"line":49},"6":{"name":"render","decl":{"start":{"line":57,"column":35},"end":{"line":57,"column":41}},"loc":{"start":{"line":57,"column":45},"end":{"line":57,"column":635}},"line":57},"7":{"name":"(anonymous_7)","decl":{"start":{"line":57,"column":472},"end":{"line":57,"column":473}},"loc":{"start":{"line":57,"column":488},"end":{"line":57,"column":512}},"line":57},"8":{"name":"(anonymous_8)","decl":{"start":{"line":57,"column":575},"end":{"line":57,"column":576}},"loc":{"start":{"line":57,"column":591},"end":{"line":57,"column":611}},"line":57}},"branchMap":{"0":{"loc":{"start":{"line":55,"column":0},"end":{"line":55,"column":70}},"type":"if","locations":[{"start":{"line":55,"column":0},"end":{"line":55,"column":70}},{"start":{"line":55,"column":0},"end":{"line":55,"column":70}}],"line":55},"1":{"loc":{"start":{"line":56,"column":24},"end":{"line":56,"column":100}},"type":"cond-expr","locations":[{"start":{"line":56,"column":62},"end":{"line":56,"column":84}},{"start":{"line":56,"column":86},"end":{"line":56,"column":100}}],"line":56},"2":{"loc":{"start":{"line":57,"column":92},"end":{"line":57,"column":108}},"type":"binary-expr","locations":[{"start":{"line":57,"column":92},"end":{"line":57,"column":104}},{"start":{"line":57,"column":106},"end":{"line":57,"column":108}}],"line":57}},"s":{"0":0,"1":0,"2":0,"3":0,"4":0,"5":0,"6":0,"7":0,"8":0,"9":0,"10":0,"11":0,"12":0,"13":0,"14":0,"15":0,"16":0,"17":0,"18":0,"19":0,"20":0},"f":{"0":0,"1":0,"2":0,"3":0,"4":0,"5":0,"6":0,"7":0,"8":0},"b":{"0":[0,0],"1":[0,0],"2":[0,0]}}
,"/Users/didiandmalish/Desktop/vuestarter/Scripts/components/hello-world.vue": {"path":"/Users/didiandmalish/Desktop/vuestarter/Scripts/components/hello-world.vue","statementMap":{"0":{"start":{"line":1,"column":1},"end":{"line":101,"column":4}},"1":{"start":{"line":4,"column":0},"end":{"line":6,"column":3}},"2":{"start":{"line":93,"column":0},"end":{"line":100,"column":2}},"3":{"start":{"line":96,"column":4},"end":{"line":98,"column":6}},"4":{"start":{"line":102,"column":0},"end":{"line":102,"column":70}},"5":{"start":{"line":102,"column":31},"end":{"line":102,"column":70}},"6":{"start":{"line":103,"column":24},"end":{"line":103,"column":100}},"7":{"start":{"line":104,"column":0},"end":{"line":104,"column":322}},"8":{"start":{"line":104,"column":54},"end":{"line":104,"column":58}},"9":{"start":{"line":104,"column":66},"end":{"line":104,"column":84}},"10":{"start":{"line":104,"column":92},"end":{"line":104,"column":108}},"11":{"start":{"line":104,"column":109},"end":{"line":104,"column":321}},"12":{"start":{"line":105,"column":0},"end":{"line":105,"column":1467}},"13":{"start":{"line":105,"column":64},"end":{"line":105,"column":68}},"14":{"start":{"line":105,"column":76},"end":{"line":105,"column":94}},"15":{"start":{"line":105,"column":102},"end":{"line":105,"column":118}},"16":{"start":{"line":105,"column":119},"end":{"line":105,"column":830}},"17":{"start":{"line":105,"column":860},"end":{"line":105,"column":864}},"18":{"start":{"line":105,"column":872},"end":{"line":105,"column":890}},"19":{"start":{"line":105,"column":898},"end":{"line":105,"column":914}},"20":{"start":{"line":105,"column":915},"end":{"line":105,"column":1465}}},"fnMap":{"0":{"name":"(anonymous_0)","decl":{"start":{"line":1,"column":2},"end":{"line":1,"column":3}},"loc":{"start":{"line":1,"column":12},"end":{"line":101,"column":1}},"line":1},"1":{"name":"data","decl":{"start":{"line":95,"column":17},"end":{"line":95,"column":21}},"loc":{"start":{"line":95,"column":24},"end":{"line":99,"column":3}},"line":95},"2":{"name":"render","decl":{"start":{"line":104,"column":35},"end":{"line":104,"column":41}},"loc":{"start":{"line":104,"column":45},"end":{"line":104,"column":322}},"line":104},"3":{"name":"render","decl":{"start":{"line":105,"column":45},"end":{"line":105,"column":51}},"loc":{"start":{"line":105,"column":55},"end":{"line":105,"column":831}},"line":105},"4":{"name":"render","decl":{"start":{"line":105,"column":841},"end":{"line":105,"column":847}},"loc":{"start":{"line":105,"column":851},"end":{"line":105,"column":1466}},"line":105}},"branchMap":{"0":{"loc":{"start":{"line":102,"column":0},"end":{"line":102,"column":70}},"type":"if","locations":[{"start":{"line":102,"column":0},"end":{"line":102,"column":70}},{"start":{"line":102,"column":0},"end":{"line":102,"column":70}}],"line":102},"1":{"loc":{"start":{"line":103,"column":24},"end":{"line":103,"column":100}},"type":"cond-expr","locations":[{"start":{"line":103,"column":62},"end":{"line":103,"column":84}},{"start":{"line":103,"column":86},"end":{"line":103,"column":100}}],"line":103},"2":{"loc":{"start":{"line":104,"column":92},"end":{"line":104,"column":108}},"type":"binary-expr","locations":[{"start":{"line":104,"column":92},"end":{"line":104,"column":104}},{"start":{"line":104,"column":106},"end":{"line":104,"column":108}}],"line":104},"3":{"loc":{"start":{"line":105,"column":102},"end":{"line":105,"column":118}},"type":"binary-expr","locations":[{"start":{"line":105,"column":102},"end":{"line":105,"column":114}},{"start":{"line":105,"column":116},"end":{"line":105,"column":118}}],"line":105},"4":{"loc":{"start":{"line":105,"column":898},"end":{"line":105,"column":914}},"type":"binary-expr","locations":[{"start":{"line":105,"column":898},"end":{"line":105,"column":910}},{"start":{"line":105,"column":912},"end":{"line":105,"column":914}}],"line":105}},"s":{"0":0,"1":0,"2":0,"3":0,"4":0,"5":0,"6":0,"7":0,"8":0,"9":0,"10":0,"11":0,"12":0,"13":0,"14":0,"15":0,"16":0,"17":0,"18":0,"19":0,"20":0},"f":{"0":0,"1":0,"2":0,"3":0,"4":0},"b":{"0":[0,0],"1":[0,0],"2":[0,0],"3":[0,0],"4":[0,0]}}
,"/Users/didiandmalish/Desktop/vuestarter/Scripts/config/dev.env.js": {"path":"/Users/didiandmalish/Desktop/vuestarter/Scripts/config/dev.env.js","statementMap":{"0":{"start":{"line":2,"column":12},"end":{"line":2,"column":36}},"1":{"start":{"line":3,"column":14},"end":{"line":3,"column":35}},"2":{"start":{"line":5,"column":0},"end":{"line":6,"column":31}}},"fnMap":{},"branchMap":{},"s":{"0":0,"1":0,"2":0},"f":{},"b":{}}
,"/Users/didiandmalish/Desktop/vuestarter/Scripts/config/index.js": {"path":"/Users/didiandmalish/Desktop/vuestarter/Scripts/config/index.js","statementMap":{"0":{"start":{"line":5,"column":11},"end":{"line":5,"column":26}},"1":{"start":{"line":7,"column":0},"end":{"line":73,"column":60}}},"fnMap":{},"branchMap":{},"s":{"0":0,"1":0},"f":{},"b":{}}
,"/Users/didiandmalish/Desktop/vuestarter/Scripts/config/prod.env.js": {"path":"/Users/didiandmalish/Desktop/vuestarter/Scripts/config/prod.env.js","statementMap":{"0":{"start":{"line":2,"column":0},"end":{"line":3,"column":29}}},"fnMap":{},"branchMap":{},"s":{"0":0},"f":{},"b":{}}
,"/Users/didiandmalish/Desktop/vuestarter/Scripts/config/test.env.js": {"path":"/Users/didiandmalish/Desktop/vuestarter/Scripts/config/test.env.js","statementMap":{"0":{"start":{"line":2,"column":12},"end":{"line":2,"column":36}},"1":{"start":{"line":3,"column":13},"end":{"line":3,"column":33}},"2":{"start":{"line":5,"column":0},"end":{"line":6,"column":27}}},"fnMap":{},"branchMap":{},"s":{"0":0,"1":0,"2":0},"f":{},"b":{}}
,"/Users/didiandmalish/Desktop/vuestarter/Scripts/test/e2e/nightwatch.conf.js": {"path":"/Users/didiandmalish/Desktop/vuestarter/Scripts/test/e2e/nightwatch.conf.js","statementMap":{"0":{"start":{"line":1,"column":13},"end":{"line":1,"column":39}},"1":{"start":{"line":2,"column":13},"end":{"line":2,"column":36}},"2":{"start":{"line":5,"column":0},"end":{"line":43,"column":37}}},"fnMap":{},"branchMap":{"0":{"loc":{"start":{"line":27,"column":31},"end":{"line":27,"column":66}},"type":"binary-expr","locations":[{"start":{"line":27,"column":31},"end":{"line":27,"column":47}},{"start":{"line":27,"column":51},"end":{"line":27,"column":66}}],"line":27}},"s":{"0":0,"1":0,"2":0},"f":{},"b":{"0":[0,0]}}
,"/Users/didiandmalish/Desktop/vuestarter/Scripts/test/e2e/runner.js": {"path":"/Users/didiandmalish/Desktop/vuestarter/Scripts/test/e2e/runner.js","statementMap":{"0":{"start":{"line":2,"column":0},"end":{"line":2,"column":33}},"1":{"start":{"line":4,"column":14},"end":{"line":4,"column":32}},"2":{"start":{"line":5,"column":16},"end":{"line":5,"column":45}},"3":{"start":{"line":7,"column":20},"end":{"line":7,"column":60}},"4":{"start":{"line":8,"column":23},"end":{"line":8,"column":62}},"5":{"start":{"line":10,"column":13},"end":{"line":10,"column":19}},"6":{"start":{"line":12,"column":0},"end":{"line":51,"column":3}},"7":{"start":{"line":14,"column":25},"end":{"line":14,"column":44}},"8":{"start":{"line":15,"column":17},"end":{"line":15,"column":39}},"9":{"start":{"line":16,"column":2},"end":{"line":16,"column":53}},"10":{"start":{"line":17,"column":13},"end":{"line":17,"column":34}},"11":{"start":{"line":18,"column":13},"end":{"line":18,"column":34}},"12":{"start":{"line":19,"column":2},"end":{"line":19,"column":35}},"13":{"start":{"line":29,"column":13},"end":{"line":29,"column":34}},"14":{"start":{"line":30,"column":2},"end":{"line":32,"column":3}},"15":{"start":{"line":31,"column":4},"end":{"line":31,"column":76}},"16":{"start":{"line":33,"column":2},"end":{"line":35,"column":3}},"17":{"start":{"line":34,"column":4},"end":{"line":34,"column":44}},"18":{"start":{"line":37,"column":14},"end":{"line":37,"column":36}},"19":{"start":{"line":38,"column":15},"end":{"line":39,"column":23}},"20":{"start":{"line":42,"column":2},"end":{"line":45,"column":5}},"21":{"start":{"line":43,"column":4},"end":{"line":43,"column":19}},"22":{"start":{"line":44,"column":4},"end":{"line":44,"column":23}},"23":{"start":{"line":47,"column":2},"end":{"line":50,"column":5}},"24":{"start":{"line":48,"column":4},"end":{"line":48,"column":19}},"25":{"start":{"line":49,"column":4},"end":{"line":49,"column":14}}},"fnMap":{"0":{"name":"(anonymous_0)","decl":{"start":{"line":13,"column":5},"end":{"line":13,"column":6}},"loc":{"start":{"line":13,"column":26},"end":{"line":20,"column":1}},"line":13},"1":{"name":"(anonymous_1)","decl":{"start":{"line":21,"column":5},"end":{"line":21,"column":6}},"loc":{"start":{"line":21,"column":17},"end":{"line":51,"column":1}},"line":21},"2":{"name":"(anonymous_2)","decl":{"start":{"line":42,"column":20},"end":{"line":42,"column":21}},"loc":{"start":{"line":42,"column":36},"end":{"line":45,"column":3}},"line":42},"3":{"name":"(anonymous_3)","decl":{"start":{"line":47,"column":21},"end":{"line":47,"column":22}},"loc":{"start":{"line":47,"column":36},"end":{"line":50,"column":3}},"line":47}},"branchMap":{"0":{"loc":{"start":{"line":30,"column":2},"end":{"line":32,"column":3}},"type":"if","locations":[{"start":{"line":30,"column":2},"end":{"line":32,"column":3}},{"start":{"line":30,"column":2},"end":{"line":32,"column":3}}],"line":30},"1":{"loc":{"start":{"line":33,"column":2},"end":{"line":35,"column":3}},"type":"if","locations":[{"start":{"line":33,"column":2},"end":{"line":35,"column":3}},{"start":{"line":33,"column":2},"end":{"line":35,"column":3}}],"line":33}},"s":{"0":0,"1":0,"2":0,"3":0,"4":0,"5":0,"6":0,"7":0,"8":0,"9":0,"10":0,"11":0,"12":0,"13":0,"14":0,"15":0,"16":0,"17":0,"18":0,"19":0,"20":0,"21":0,"22":0,"23":0,"24":0,"25":0},"f":{"0":0,"1":0,"2":0,"3":0},"b":{"0":[0,0],"1":[0,0]}}
,"/Users/didiandmalish/Desktop/vuestarter/Scripts/test/e2e/custom-assertions/elementCount.js": {"path":"/Users/didiandmalish/Desktop/vuestarter/Scripts/test/e2e/custom-assertions/elementCount.js","statementMap":{"0":{"start":{"line":10,"column":0},"end":{"line":27,"column":2}},"1":{"start":{"line":11,"column":2},"end":{"line":11,"column":77}},"2":{"start":{"line":12,"column":2},"end":{"line":12,"column":24}},"3":{"start":{"line":13,"column":2},"end":{"line":15,"column":4}},"4":{"start":{"line":14,"column":4},"end":{"line":14,"column":33}},"5":{"start":{"line":16,"column":2},"end":{"line":18,"column":4}},"6":{"start":{"line":17,"column":4},"end":{"line":17,"column":21}},"7":{"start":{"line":19,"column":2},"end":{"line":26,"column":4}},"8":{"start":{"line":20,"column":15},"end":{"line":20,"column":19}},"9":{"start":{"line":21,"column":4},"end":{"line":25,"column":7}},"10":{"start":{"line":22,"column":6},"end":{"line":22,"column":56}},"11":{"start":{"line":24,"column":6},"end":{"line":24,"column":25}}},"fnMap":{"0":{"name":"(anonymous_0)","decl":{"start":{"line":10,"column":20},"end":{"line":10,"column":21}},"loc":{"start":{"line":10,"column":47},"end":{"line":27,"column":1}},"line":10},"1":{"name":"(anonymous_1)","decl":{"start":{"line":13,"column":14},"end":{"line":13,"column":15}},"loc":{"start":{"line":13,"column":29},"end":{"line":15,"column":3}},"line":13},"2":{"name":"(anonymous_2)","decl":{"start":{"line":16,"column":15},"end":{"line":16,"column":16}},"loc":{"start":{"line":16,"column":30},"end":{"line":18,"column":3}},"line":16},"3":{"name":"(anonymous_3)","decl":{"start":{"line":19,"column":17},"end":{"line":19,"column":18}},"loc":{"start":{"line":19,"column":31},"end":{"line":26,"column":3}},"line":19},"4":{"name":"(anonymous_4)","decl":{"start":{"line":21,"column":28},"end":{"line":21,"column":29}},"loc":{"start":{"line":21,"column":48},"end":{"line":23,"column":5}},"line":21},"5":{"name":"(anonymous_5)","decl":{"start":{"line":23,"column":19},"end":{"line":23,"column":20}},"loc":{"start":{"line":23,"column":34},"end":{"line":25,"column":5}},"line":23}},"branchMap":{},"s":{"0":0,"1":0,"2":0,"3":0,"4":0,"5":0,"6":0,"7":0,"8":0,"9":0,"10":0,"11":0},"f":{"0":0,"1":0,"2":0,"3":0,"4":0,"5":0},"b":{}}
,"/Users/didiandmalish/Desktop/vuestarter/Scripts/test/unit/jest.conf.js": {"path":"/Users/didiandmalish/Desktop/vuestarter/Scripts/test/unit/jest.conf.js","statementMap":{"0":{"start":{"line":1,"column":24},"end":{"line":1,"column":39}},"1":{"start":{"line":3,"column":0},"end":{"line":22,"column":35}}},"fnMap":{},"branchMap":{},"s":{"0":0,"1":0},"f":{},"b":{}}
,"/Users/didiandmalish/Desktop/vuestarter/Scripts/test/unit/setup.js": {"path":"/Users/didiandmalish/Desktop/vuestarter/Scripts/test/unit/setup.js","statementMap":{"0":{"start":{"line":3,"column":0},"end":{"line":3,"column":3}}},"fnMap":{},"branchMap":{},"s":{"0":1},"f":{},"b":{}}
,"/Users/didiandmalish/Desktop/vuestarter/Scripts/test/unit/coverage/lcov-report/prettify.js": {"path":"/Users/didiandmalish/Desktop/vuestarter/Scripts/test/unit/coverage/lcov-report/prettify.js","statementMap":{"0":{"start":{"line":1,"column":13},"end":{"line":1,"column":54}},"1":{"start":{"line":1,"column":54},"end":{"line":1,"column":17735}},"2":{"start":{"line":1,"column":76},"end":{"line":1,"column":122}},"3":{"start":{"line":1,"column":131},"end":{"line":1,"column":292}},"4":{"start":{"line":1,"column":301},"end":{"line":1,"column":404}},"5":{"start":{"line":1,"column":413},"end":{"line":1,"column":672}},"6":{"start":{"line":1,"column":681},"end":{"line":1,"column":825}},"7":{"start":{"line":1,"column":834},"end":{"line":1,"column":1103}},"8":{"start":{"line":1,"column":1112},"end":{"line":1,"column":1270}},"9":{"start":{"line":1,"column":1279},"end":{"line":1,"column":1360}},"10":{"start":{"line":1,"column":1369},"end":{"line":1,"column":1545}},"11":{"start":{"line":1,"column":1554},"end":{"line":1,"column":1709}},"12":{"start":{"line":1,"column":1718},"end":{"line":1,"column":1891}},"13":{"start":{"line":1,"column":1900},"end":{"line":1,"column":1967}},"14":{"start":{"line":1,"column":1976},"end":{"line":1,"column":1998}},"15":{"start":{"line":1,"column":2007},"end":{"line":1,"column":2119}},"16":{"start":{"line":1,"column":2128},"end":{"line":1,"column":2133}},"17":{"start":{"line":1,"column":2142},"end":{"line":1,"column":2147}},"18":{"start":{"line":1,"column":2156},"end":{"line":1,"column":2161}},"19":{"start":{"line":1,"column":2170},"end":{"line":1,"column":2175}},"20":{"start":{"line":1,"column":2184},"end":{"line":1,"column":2189}},"21":{"start":{"line":1,"column":2198},"end":{"line":1,"column":2203}},"22":{"start":{"line":1,"column":2212},"end":{"line":1,"column":2217}},"23":{"start":{"line":1,"column":2226},"end":{"line":1,"column":2231}},"24":{"start":{"line":1,"column":2240},"end":{"line":1,"column":2245}},"25":{"start":{"line":1,"column":2254},"end":{"line":1,"column":2259}},"26":{"start":{"line":1,"column":2268},"end":{"line":1,"column":2273}},"27":{"start":{"line":1,"column":2282},"end":{"line":1,"column":2287}},"28":{"start":{"line":1,"column":2296},"end":{"line":1,"column":2304}},"29":{"start":{"line":1,"column":2313},"end":{"line":1,"column":2612}},"30":{"start":{"line":1,"column":2637},"end":{"line":1,"column":2638}},"31":{"start":{"line":1,"column":2647},"end":{"line":1,"column":2652}},"32":{"start":{"line":1,"column":2662},"end":{"line":1,"column":2667}},"33":{"start":{"line":1,"column":2668},"end":{"line":1,"column":2878}},"34":{"start":{"line":1,"column":2720},"end":{"line":1,"column":2724}},"35":{"start":{"line":1,"column":2725},"end":{"line":1,"column":2877}},"36":{"start":{"line":1,"column":2745},"end":{"line":1,"column":2755}},"37":{"start":{"line":1,"column":2763},"end":{"line":1,"column":2876}},"38":{"start":{"line":1,"column":2849},"end":{"line":1,"column":2858}},"39":{"start":{"line":1,"column":2858},"end":{"line":1,"column":2869}},"40":{"start":{"line":1,"column":2869},"end":{"line":1,"column":2875}},"41":{"start":{"line":1,"column":2886},"end":{"line":1,"column":2928}},"42":{"start":{"line":1,"column":2955},"end":{"line":1,"column":2971}},"43":{"start":{"line":1,"column":2972},"end":{"line":1,"column":2999}},"44":{"start":{"line":1,"column":2988},"end":{"line":1,"column":2998}},"45":{"start":{"line":1,"column":3008},"end":{"line":1,"column":3020}},"46":{"start":{"line":1,"column":3021},"end":{"line":1,"column":3032}},"47":{"start":{"line":1,"column":3032},"end":{"line":1,"column":3235}},"48":{"start":{"line":1,"column":3041},"end":{"line":1,"column":3051}},"49":{"start":{"line":1,"column":3059},"end":{"line":1,"column":3234}},"50":{"start":{"line":1,"column":3088},"end":{"line":1,"column":3124}},"51":{"start":{"line":1,"column":3132},"end":{"line":1,"column":3233}},"52":{"start":{"line":1,"column":3163},"end":{"line":1,"column":3200}},"53":{"start":{"line":1,"column":3208},"end":{"line":1,"column":3232}},"54":{"start":{"line":1,"column":3252},"end":{"line":1,"column":3319}},"55":{"start":{"line":1,"column":3266},"end":{"line":1,"column":3318}},"56":{"start":{"line":1,"column":3328},"end":{"line":1,"column":3351}},"57":{"start":{"line":1,"column":3352},"end":{"line":1,"column":3428}},"58":{"start":{"line":1,"column":3412},"end":{"line":1,"column":3427}},"59":{"start":{"line":1,"column":3428},"end":{"line":1,"column":3438}},"60":{"start":{"line":1,"column":3464},"end":{"line":1,"column":3619}},"61":{"start":{"line":1,"column":3629},"end":{"line":1,"column":3631}},"62":{"start":{"line":1,"column":3641},"end":{"line":1,"column":3643}},"63":{"start":{"line":1,"column":3653},"end":{"line":1,"column":3666}},"64":{"start":{"line":1,"column":3667},"end":{"line":1,"column":4120}},"65":{"start":{"line":1,"column":3734},"end":{"line":1,"column":3740}},"66":{"start":{"line":1,"column":3741},"end":{"line":1,"column":4119}},"67":{"start":{"line":1,"column":3768},"end":{"line":1,"column":3780}},"68":{"start":{"line":1,"column":3797},"end":{"line":1,"column":3803}},"69":{"start":{"line":1,"column":3811},"end":{"line":1,"column":3896}},"70":{"start":{"line":1,"column":3851},"end":{"line":1,"column":3871}},"71":{"start":{"line":1,"column":3871},"end":{"line":1,"column":3879}},"72":{"start":{"line":1,"column":3887},"end":{"line":1,"column":3895}},"73":{"start":{"line":1,"column":3896},"end":{"line":1,"column":3914}},"74":{"start":{"line":1,"column":3914},"end":{"line":1,"column":4118}},"75":{"start":{"line":1,"column":3943},"end":{"line":1,"column":4028}},"76":{"start":{"line":1,"column":3971},"end":{"line":1,"column":4027}},"77":{"start":{"line":1,"column":4028},"end":{"line":1,"column":4117}},"78":{"start":{"line":1,"column":4057},"end":{"line":1,"column":4116}},"79":{"start":{"line":1,"column":4120},"end":{"line":1,"column":4188}},"80":{"start":{"line":1,"column":4147},"end":{"line":1,"column":4185}},"81":{"start":{"line":1,"column":4197},"end":{"line":1,"column":4199}},"82":{"start":{"line":1,"column":4209},"end":{"line":1,"column":4219}},"83":{"start":{"line":1,"column":4220},"end":{"line":1,"column":4359}},"84":{"start":{"line":1,"column":4269},"end":{"line":1,"column":4275}},"85":{"start":{"line":1,"column":4276},"end":{"line":1,"column":4358}},"86":{"start":{"line":1,"column":4301},"end":{"line":1,"column":4332}},"87":{"start":{"line":1,"column":4340},"end":{"line":1,"column":4357}},"88":{"start":{"line":1,"column":4368},"end":{"line":1,"column":4373}},"89":{"start":{"line":1,"column":4374},"end":{"line":1,"column":4397}},"90":{"start":{"line":1,"column":4383},"end":{"line":1,"column":4396}},"91":{"start":{"line":1,"column":4397},"end":{"line":1,"column":4419}},"92":{"start":{"line":1,"column":4419},"end":{"line":1,"column":4571}},"93":{"start":{"line":1,"column":4468},"end":{"line":1,"column":4474}},"94":{"start":{"line":1,"column":4475},"end":{"line":1,"column":4493}},"95":{"start":{"line":1,"column":4493},"end":{"line":1,"column":4570}},"96":{"start":{"line":1,"column":4513},"end":{"line":1,"column":4551}},"97":{"start":{"line":1,"column":4537},"end":{"line":1,"column":4550}},"98":{"start":{"line":1,"column":4551},"end":{"line":1,"column":4569}},"99":{"start":{"line":1,"column":4571},"end":{"line":1,"column":4584}},"100":{"start":{"line":1,"column":4584},"end":{"line":1,"column":4603}},"101":{"start":{"line":1,"column":4629},"end":{"line":1,"column":4818}},"102":{"start":{"line":1,"column":4828},"end":{"line":1,"column":4837}},"103":{"start":{"line":1,"column":4847},"end":{"line":1,"column":4849}},"104":{"start":{"line":1,"column":4850},"end":{"line":1,"column":5028}},"105":{"start":{"line":1,"column":4900},"end":{"line":1,"column":4906}},"106":{"start":{"line":1,"column":4907},"end":{"line":1,"column":5027}},"107":{"start":{"line":1,"column":4924},"end":{"line":1,"column":4929}},"108":{"start":{"line":1,"column":4937},"end":{"line":1,"column":5026}},"109":{"start":{"line":1,"column":4974},"end":{"line":1,"column":4990}},"110":{"start":{"line":1,"column":4991},"end":{"line":1,"column":5025}},"111":{"start":{"line":1,"column":5012},"end":{"line":1,"column":5024}},"112":{"start":{"line":1,"column":5028},"end":{"line":1,"column":5104}},"113":{"start":{"line":1,"column":5068},"end":{"line":1,"column":5103}},"114":{"start":{"line":1,"column":5088},"end":{"line":1,"column":5102}},"115":{"start":{"line":1,"column":5104},"end":{"line":1,"column":5336}},"116":{"start":{"line":1,"column":5154},"end":{"line":1,"column":5160}},"117":{"start":{"line":1,"column":5161},"end":{"line":1,"column":5335}},"118":{"start":{"line":1,"column":5178},"end":{"line":1,"column":5183}},"119":{"start":{"line":1,"column":5183},"end":{"line":1,"column":5226}},"120":{"start":{"line":1,"column":5210},"end":{"line":1,"column":5225}},"121":{"start":{"line":1,"column":5234},"end":{"line":1,"column":5334}},"122":{"start":{"line":1,"column":5271},"end":{"line":1,"column":5287}},"123":{"start":{"line":1,"column":5288},"end":{"line":1,"column":5333}},"124":{"start":{"line":1,"column":5309},"end":{"line":1,"column":5332}},"125":{"start":{"line":1,"column":5336},"end":{"line":1,"column":5434}},"126":{"start":{"line":1,"column":5377},"end":{"line":1,"column":5433}},"127":{"start":{"line":1,"column":5420},"end":{"line":1,"column":5432}},"128":{"start":{"line":1,"column":5434},"end":{"line":1,"column":5745}},"129":{"start":{"line":1,"column":5459},"end":{"line":1,"column":5744}},"130":{"start":{"line":1,"column":5501},"end":{"line":1,"column":5507}},"131":{"start":{"line":1,"column":5517},"end":{"line":1,"column":5529}},"132":{"start":{"line":1,"column":5530},"end":{"line":1,"column":5743}},"133":{"start":{"line":1,"column":5565},"end":{"line":1,"column":5580}},"134":{"start":{"line":1,"column":5588},"end":{"line":1,"column":5742}},"135":{"start":{"line":1,"column":5606},"end":{"line":1,"column":5741}},"136":{"start":{"line":1,"column":5663},"end":{"line":1,"column":5679}},"137":{"start":{"line":1,"column":5680},"end":{"line":1,"column":5738}},"138":{"start":{"line":1,"column":5745},"end":{"line":1,"column":5764}},"139":{"start":{"line":1,"column":5774},"end":{"line":1,"column":5776}},"140":{"start":{"line":1,"column":5777},"end":{"line":1,"column":5922}},"141":{"start":{"line":1,"column":5829},"end":{"line":1,"column":5833}},"142":{"start":{"line":1,"column":5834},"end":{"line":1,"column":5892}},"143":{"start":{"line":1,"column":5866},"end":{"line":1,"column":5891}},"144":{"start":{"line":1,"column":5892},"end":{"line":1,"column":5921}},"145":{"start":{"line":1,"column":5922},"end":{"line":1,"column":5971}},"146":{"start":{"line":1,"column":5995},"end":{"line":1,"column":6019}},"147":{"start":{"line":1,"column":6028},"end":{"line":1,"column":6030}},"148":{"start":{"line":1,"column":6039},"end":{"line":1,"column":6040}},"149":{"start":{"line":1,"column":6049},"end":{"line":1,"column":6051}},"150":{"start":{"line":1,"column":6060},"end":{"line":1,"column":6061}},"151":{"start":{"line":1,"column":6068},"end":{"line":1,"column":6242}},"152":{"start":{"line":1,"column":6089},"end":{"line":1,"column":6119}},"153":{"start":{"line":1,"column":6127},"end":{"line":1,"column":6241}},"154":{"start":{"line":1,"column":6157},"end":{"line":1,"column":6240}},"155":{"start":{"line":1,"column":6250},"end":{"line":1,"column":6282}},"156":{"start":{"line":1,"column":6300},"end":{"line":1,"column":6743}},"157":{"start":{"line":1,"column":6329},"end":{"line":1,"column":6364}},"158":{"start":{"line":1,"column":6356},"end":{"line":1,"column":6363}},"159":{"start":{"line":1,"column":6364},"end":{"line":1,"column":6427}},"160":{"start":{"line":1,"column":6419},"end":{"line":1,"column":6426}},"161":{"start":{"line":1,"column":6436},"end":{"line":1,"column":6447}},"162":{"start":{"line":1,"column":6448},"end":{"line":1,"column":6531}},"163":{"start":{"line":1,"column":6481},"end":{"line":1,"column":6493}},"164":{"start":{"line":1,"column":6493},"end":{"line":1,"column":6509}},"165":{"start":{"line":1,"column":6509},"end":{"line":1,"column":6530}},"166":{"start":{"line":1,"column":6531},"end":{"line":1,"column":6537}},"167":{"start":{"line":1,"column":6560},"end":{"line":1,"column":6572}},"168":{"start":{"line":1,"column":6573},"end":{"line":1,"column":6736}},"169":{"start":{"line":1,"column":6589},"end":{"line":1,"column":6675}},"170":{"start":{"line":1,"column":6598},"end":{"line":1,"column":6634}},"171":{"start":{"line":1,"column":6642},"end":{"line":1,"column":6674}},"172":{"start":{"line":1,"column":6675},"end":{"line":1,"column":6685}},"173":{"start":{"line":1,"column":6685},"end":{"line":1,"column":6699}},"174":{"start":{"line":1,"column":6699},"end":{"line":1,"column":6714}},"175":{"start":{"line":1,"column":6714},"end":{"line":1,"column":6735}},"176":{"start":{"line":1,"column":6736},"end":{"line":1,"column":6742}},"177":{"start":{"line":1,"column":6744},"end":{"line":1,"column":6750}},"178":{"start":{"line":1,"column":6750},"end":{"line":1,"column":6813}},"179":{"start":{"line":1,"column":6838},"end":{"line":1,"column":6855}},"180":{"start":{"line":1,"column":6847},"end":{"line":1,"column":6854}},"181":{"start":{"line":1,"column":6863},"end":{"line":1,"column":6892}},"182":{"start":{"line":1,"column":6893},"end":{"line":1,"column":6898}},"183":{"start":{"line":1,"column":6898},"end":{"line":1,"column":6929}},"184":{"start":{"line":1,"column":6938},"end":{"line":1,"column":6942}},"185":{"start":{"line":1,"column":6966},"end":{"line":1,"column":6975}},"186":{"start":{"line":1,"column":6976},"end":{"line":1,"column":7114}},"187":{"start":{"line":1,"column":7034},"end":{"line":1,"column":7044}},"188":{"start":{"line":1,"column":7045},"end":{"line":1,"column":7113}},"189":{"start":{"line":1,"column":7114},"end":{"line":1,"column":7145}},"190":{"start":{"line":1,"column":7172},"end":{"line":1,"column":7174}},"191":{"start":{"line":1,"column":7181},"end":{"line":1,"column":7512}},"192":{"start":{"line":1,"column":7204},"end":{"line":1,"column":7215}},"193":{"start":{"line":1,"column":7225},"end":{"line":1,"column":7227}},"194":{"start":{"line":1,"column":7237},"end":{"line":1,"column":7239}},"195":{"start":{"line":1,"column":7240},"end":{"line":1,"column":7474}},"196":{"start":{"line":1,"column":7295},"end":{"line":1,"column":7301}},"197":{"start":{"line":1,"column":7311},"end":{"line":1,"column":7315}},"198":{"start":{"line":1,"column":7316},"end":{"line":1,"column":7386}},"199":{"start":{"line":1,"column":7325},"end":{"line":1,"column":7385}},"200":{"start":{"line":1,"column":7363},"end":{"line":1,"column":7384}},"201":{"start":{"line":1,"column":7395},"end":{"line":1,"column":7399}},"202":{"start":{"line":1,"column":7409},"end":{"line":1,"column":7416}},"203":{"start":{"line":1,"column":7417},"end":{"line":1,"column":7473}},"204":{"start":{"line":1,"column":7446},"end":{"line":1,"column":7458}},"205":{"start":{"line":1,"column":7458},"end":{"line":1,"column":7472}},"206":{"start":{"line":1,"column":7474},"end":{"line":1,"column":7497}},"207":{"start":{"line":1,"column":7497},"end":{"line":1,"column":7507}},"208":{"start":{"line":1,"column":7520},"end":{"line":1,"column":7528}},"209":{"start":{"line":1,"column":7537},"end":{"line":1,"column":8488}},"210":{"start":{"line":1,"column":7561},"end":{"line":1,"column":7574}},"211":{"start":{"line":1,"column":7579},"end":{"line":1,"column":7589}},"212":{"start":{"line":1,"column":7599},"end":{"line":1,"column":7605}},"213":{"start":{"line":1,"column":7615},"end":{"line":1,"column":7616}},"214":{"start":{"line":1,"column":7626},"end":{"line":1,"column":7642}},"215":{"start":{"line":1,"column":7652},"end":{"line":1,"column":7654}},"216":{"start":{"line":1,"column":7655},"end":{"line":1,"column":8467}},"217":{"start":{"line":1,"column":7713},"end":{"line":1,"column":7719}},"218":{"start":{"line":1,"column":7729},"end":{"line":1,"column":7735}},"219":{"start":{"line":1,"column":7745},"end":{"line":1,"column":7751}},"220":{"start":{"line":1,"column":7759},"end":{"line":1,"column":8136}},"221":{"start":{"line":1,"column":7788},"end":{"line":1,"column":7799}},"222":{"start":{"line":1,"column":7816},"end":{"line":1,"column":7831}},"223":{"start":{"line":1,"column":7832},"end":{"line":1,"column":7992}},"224":{"start":{"line":1,"column":7841},"end":{"line":1,"column":7862}},"225":{"start":{"line":1,"column":7862},"end":{"line":1,"column":7873}},"226":{"start":{"line":1,"column":7881},"end":{"line":1,"column":7973}},"227":{"start":{"line":1,"column":7913},"end":{"line":1,"column":7924}},"228":{"start":{"line":1,"column":7924},"end":{"line":1,"column":7945}},"229":{"start":{"line":1,"column":7945},"end":{"line":1,"column":7972}},"230":{"start":{"line":1,"column":7954},"end":{"line":1,"column":7965}},"231":{"start":{"line":1,"column":7965},"end":{"line":1,"column":7971}},"232":{"start":{"line":1,"column":7973},"end":{"line":1,"column":7991}},"233":{"start":{"line":1,"column":7983},"end":{"line":1,"column":7990}},"234":{"start":{"line":1,"column":7992},"end":{"line":1,"column":8046}},"235":{"start":{"line":1,"column":8046},"end":{"line":1,"column":8112}},"236":{"start":{"line":1,"column":8093},"end":{"line":1,"column":8104}},"237":{"start":{"line":1,"column":8104},"end":{"line":1,"column":8111}},"238":{"start":{"line":1,"column":8112},"end":{"line":1,"column":8135}},"239":{"start":{"line":1,"column":8122},"end":{"line":1,"column":8134}},"240":{"start":{"line":1,"column":8145},"end":{"line":1,"column":8147}},"241":{"start":{"line":1,"column":8148},"end":{"line":1,"column":8164}},"242":{"start":{"line":1,"column":8164},"end":{"line":1,"column":8466}},"243":{"start":{"line":1,"column":8174},"end":{"line":1,"column":8194}},"244":{"start":{"line":1,"column":8211},"end":{"line":1,"column":8216}},"245":{"start":{"line":1,"column":8226},"end":{"line":1,"column":8240}},"246":{"start":{"line":1,"column":8250},"end":{"line":1,"column":8264}},"247":{"start":{"line":1,"column":8265},"end":{"line":1,"column":8328}},"248":{"start":{"line":1,"column":8277},"end":{"line":1,"column":8307}},"249":{"start":{"line":1,"column":8307},"end":{"line":1,"column":8327}},"250":{"start":{"line":1,"column":8337},"end":{"line":1,"column":8352}},"251":{"start":{"line":1,"column":8353},"end":{"line":1,"column":8391}},"252":{"start":{"line":1,"column":8391},"end":{"line":1,"column":8425}},"253":{"start":{"line":1,"column":8425},"end":{"line":1,"column":8465}},"254":{"start":{"line":1,"column":8467},"end":{"line":1,"column":8487}},"255":{"start":{"line":1,"column":8489},"end":{"line":1,"column":8498}},"256":{"start":{"line":1,"column":8522},"end":{"line":1,"column":8524}},"257":{"start":{"line":1,"column":8529},"end":{"line":1,"column":8531}},"258":{"start":{"line":1,"column":8532},"end":{"line":1,"column":9039}},"259":{"start":{"line":1,"column":8560},"end":{"line":1,"column":8771}},"260":{"start":{"line":1,"column":8779},"end":{"line":1,"column":9038}},"261":{"start":{"line":1,"column":8804},"end":{"line":1,"column":8934}},"262":{"start":{"line":1,"column":8942},"end":{"line":1,"column":9037}},"263":{"start":{"line":1,"column":9039},"end":{"line":1,"column":9113}},"264":{"start":{"line":1,"column":9063},"end":{"line":1,"column":9112}},"265":{"start":{"line":1,"column":9121},"end":{"line":1,"column":9135}},"266":{"start":{"line":1,"column":9136},"end":{"line":1,"column":9512}},"267":{"start":{"line":1,"column":9144},"end":{"line":1,"column":9511}},"268":{"start":{"line":1,"column":9167},"end":{"line":1,"column":9375}},"269":{"start":{"line":1,"column":9179},"end":{"line":1,"column":9243}},"270":{"start":{"line":1,"column":9251},"end":{"line":1,"column":9374}},"271":{"start":{"line":1,"column":9375},"end":{"line":1,"column":9465}},"272":{"start":{"line":1,"column":9473},"end":{"line":1,"column":9510}},"273":{"start":{"line":1,"column":9512},"end":{"line":1,"column":9616}},"274":{"start":{"line":1,"column":9535},"end":{"line":1,"column":9570}},"275":{"start":{"line":1,"column":9570},"end":{"line":1,"column":9615}},"276":{"start":{"line":1,"column":9616},"end":{"line":1,"column":9803}},"277":{"start":{"line":1,"column":9646},"end":{"line":1,"column":9741}},"278":{"start":{"line":1,"column":9742},"end":{"line":1,"column":9802}},"279":{"start":{"line":1,"column":9811},"end":{"line":1,"column":9818}},"280":{"start":{"line":1,"column":9819},"end":{"line":1,"column":9843}},"281":{"start":{"line":1,"column":9827},"end":{"line":1,"column":9842}},"282":{"start":{"line":1,"column":9851},"end":{"line":1,"column":9890}},"283":{"start":{"line":1,"column":9891},"end":{"line":1,"column":9982}},"284":{"start":{"line":1,"column":9906},"end":{"line":1,"column":9981}},"285":{"start":{"line":1,"column":9982},"end":{"line":1,"column":10023}},"286":{"start":{"line":1,"column":10023},"end":{"line":1,"column":10357}},"287":{"start":{"line":1,"column":10357},"end":{"line":1,"column":10372}},"288":{"start":{"line":1,"column":10381},"end":{"line":1,"column":10486}},"289":{"start":{"line":1,"column":10514},"end":{"line":1,"column":10538}},"290":{"start":{"line":1,"column":10548},"end":{"line":1,"column":10558}},"291":{"start":{"line":1,"column":10568},"end":{"line":1,"column":10583}},"292":{"start":{"line":1,"column":10590},"end":{"line":1,"column":10758}},"293":{"start":{"line":1,"column":10611},"end":{"line":1,"column":10641}},"294":{"start":{"line":1,"column":10649},"end":{"line":1,"column":10757}},"295":{"start":{"line":1,"column":10679},"end":{"line":1,"column":10756}},"296":{"start":{"line":1,"column":10766},"end":{"line":1,"column":10798}},"297":{"start":{"line":1,"column":10808},"end":{"line":1,"column":10830}},"298":{"start":{"line":1,"column":10831},"end":{"line":1,"column":10883}},"299":{"start":{"line":1,"column":10853},"end":{"line":1,"column":10882}},"300":{"start":{"line":1,"column":10891},"end":{"line":1,"column":10895}},"301":{"start":{"line":1,"column":10913},"end":{"line":1,"column":11459}},"302":{"start":{"line":1,"column":10942},"end":{"line":1,"column":10976}},"303":{"start":{"line":1,"column":10969},"end":{"line":1,"column":10975}},"304":{"start":{"line":1,"column":10976},"end":{"line":1,"column":11133}},"305":{"start":{"line":1,"column":11003},"end":{"line":1,"column":11010}},"306":{"start":{"line":1,"column":11010},"end":{"line":1,"column":11061}},"307":{"start":{"line":1,"column":11030},"end":{"line":1,"column":11060}},"308":{"start":{"line":1,"column":11069},"end":{"line":1,"column":11132}},"309":{"start":{"line":1,"column":11124},"end":{"line":1,"column":11131}},"310":{"start":{"line":1,"column":11133},"end":{"line":1,"column":11139}},"311":{"start":{"line":1,"column":11153},"end":{"line":1,"column":11452}},"312":{"start":{"line":1,"column":11170},"end":{"line":1,"column":11182}},"313":{"start":{"line":1,"column":11192},"end":{"line":1,"column":11204}},"314":{"start":{"line":1,"column":11205},"end":{"line":1,"column":11451}},"315":{"start":{"line":1,"column":11223},"end":{"line":1,"column":11248}},"316":{"start":{"line":1,"column":11249},"end":{"line":1,"column":11267}},"317":{"start":{"line":1,"column":11276},"end":{"line":1,"column":11313}},"318":{"start":{"line":1,"column":11314},"end":{"line":1,"column":11402}},"319":{"start":{"line":1,"column":11332},"end":{"line":1,"column":11345}},"320":{"start":{"line":1,"column":11346},"end":{"line":1,"column":11401}},"321":{"start":{"line":1,"column":11402},"end":{"line":1,"column":11409}},"322":{"start":{"line":1,"column":11409},"end":{"line":1,"column":11450}},"323":{"start":{"line":1,"column":11419},"end":{"line":1,"column":11449}},"324":{"start":{"line":1,"column":11452},"end":{"line":1,"column":11458}},"325":{"start":{"line":1,"column":11477},"end":{"line":1,"column":11540}},"326":{"start":{"line":1,"column":11502},"end":{"line":1,"column":11521}},"327":{"start":{"line":1,"column":11521},"end":{"line":1,"column":11539}},"328":{"start":{"line":1,"column":11531},"end":{"line":1,"column":11538}},"329":{"start":{"line":1,"column":11570},"end":{"line":1,"column":11599}},"330":{"start":{"line":1,"column":11609},"end":{"line":1,"column":11622}},"331":{"start":{"line":1,"column":11623},"end":{"line":1,"column":11767}},"332":{"start":{"line":1,"column":11641},"end":{"line":1,"column":11650}},"333":{"start":{"line":1,"column":11660},"end":{"line":1,"column":11674}},"334":{"start":{"line":1,"column":11675},"end":{"line":1,"column":11694}},"335":{"start":{"line":1,"column":11694},"end":{"line":1,"column":11766}},"336":{"start":{"line":1,"column":11726},"end":{"line":1,"column":11746}},"337":{"start":{"line":1,"column":11746},"end":{"line":1,"column":11765}},"338":{"start":{"line":1,"column":11767},"end":{"line":1,"column":11777}},"339":{"start":{"line":1,"column":11787},"end":{"line":1,"column":11808}},"340":{"start":{"line":1,"column":11809},"end":{"line":1,"column":11876}},"341":{"start":{"line":1,"column":11867},"end":{"line":1,"column":11875}},"342":{"start":{"line":1,"column":11876},"end":{"line":1,"column":11887}},"343":{"start":{"line":1,"column":11888},"end":{"line":1,"column":11934}},"344":{"start":{"line":1,"column":11924},"end":{"line":1,"column":11933}},"345":{"start":{"line":1,"column":11934},"end":{"line":1,"column":11988}},"346":{"start":{"line":1,"column":11956},"end":{"line":1,"column":11987}},"347":{"start":{"line":1,"column":11997},"end":{"line":1,"column":12019}},"348":{"start":{"line":1,"column":12020},"end":{"line":1,"column":12046}},"349":{"start":{"line":1,"column":12054},"end":{"line":1,"column":12082}},"350":{"start":{"line":1,"column":12083},"end":{"line":1,"column":12254}},"351":{"start":{"line":1,"column":12126},"end":{"line":1,"column":12136}},"352":{"start":{"line":1,"column":12136},"end":{"line":1,"column":12170}},"353":{"start":{"line":1,"column":12170},"end":{"line":1,"column":12234}},"354":{"start":{"line":1,"column":12191},"end":{"line":1,"column":12233}},"355":{"start":{"line":1,"column":12234},"end":{"line":1,"column":12253}},"356":{"start":{"line":1,"column":12254},"end":{"line":1,"column":12272}},"357":{"start":{"line":1,"column":12298},"end":{"line":1,"column":12334}},"358":{"start":{"line":1,"column":12344},"end":{"line":1,"column":12349}},"359":{"start":{"line":1,"column":12359},"end":{"line":1,"column":12372}},"360":{"start":{"line":1,"column":12382},"end":{"line":1,"column":12391}},"361":{"start":{"line":1,"column":12400},"end":{"line":1,"column":12401}},"362":{"start":{"line":1,"column":12411},"end":{"line":1,"column":12419}},"363":{"start":{"line":1,"column":12428},"end":{"line":1,"column":12437}},"364":{"start":{"line":1,"column":12447},"end":{"line":1,"column":12448}},"365":{"start":{"line":1,"column":12457},"end":{"line":1,"column":12471}},"366":{"start":{"line":1,"column":12480},"end":{"line":1,"column":12488}},"367":{"start":{"line":1,"column":12497},"end":{"line":1,"column":12498}},"368":{"start":{"line":1,"column":12499},"end":{"line":1,"column":12509}},"369":{"start":{"line":1,"column":12520},"end":{"line":1,"column":12628}},"370":{"start":{"line":1,"column":12548},"end":{"line":1,"column":12627}},"371":{"start":{"line":1,"column":12574},"end":{"line":1,"column":12592}},"372":{"start":{"line":1,"column":12592},"end":{"line":1,"column":12610}},"373":{"start":{"line":1,"column":12618},"end":{"line":1,"column":12626}},"374":{"start":{"line":1,"column":12628},"end":{"line":1,"column":12635}},"375":{"start":{"line":1,"column":12635},"end":{"line":1,"column":12793}},"376":{"start":{"line":1,"column":12672},"end":{"line":1,"column":12677}},"377":{"start":{"line":1,"column":12687},"end":{"line":1,"column":12696}},"378":{"start":{"line":1,"column":12705},"end":{"line":1,"column":12711}},"379":{"start":{"line":1,"column":12712},"end":{"line":1,"column":12759}},"380":{"start":{"line":1,"column":12751},"end":{"line":1,"column":12758}},"381":{"start":{"line":1,"column":12759},"end":{"line":1,"column":12772}},"382":{"start":{"line":1,"column":12772},"end":{"line":1,"column":12785}},"383":{"start":{"line":1,"column":12785},"end":{"line":1,"column":12792}},"384":{"start":{"line":1,"column":12793},"end":{"line":1,"column":12811}},"385":{"start":{"line":1,"column":12820},"end":{"line":1,"column":12824}},"386":{"start":{"line":1,"column":12825},"end":{"line":1,"column":13380}},"387":{"start":{"line":1,"column":12850},"end":{"line":1,"column":12856}},"388":{"start":{"line":1,"column":12865},"end":{"line":1,"column":12881}},"389":{"start":{"line":1,"column":12891},"end":{"line":1,"column":12895}},"390":{"start":{"line":1,"column":12905},"end":{"line":1,"column":12919}},"391":{"start":{"line":1,"column":12928},"end":{"line":1,"column":12943}},"392":{"start":{"line":1,"column":12953},"end":{"line":1,"column":12963}},"393":{"start":{"line":1,"column":12970},"end":{"line":1,"column":13329}},"394":{"start":{"line":1,"column":13022},"end":{"line":1,"column":13056}},"395":{"start":{"line":1,"column":13031},"end":{"line":1,"column":13055}},"396":{"start":{"line":1,"column":13056},"end":{"line":1,"column":13073}},"397":{"start":{"line":1,"column":13082},"end":{"line":1,"column":13098}},"398":{"start":{"line":1,"column":13108},"end":{"line":1,"column":13132}},"399":{"start":{"line":1,"column":13133},"end":{"line":1,"column":13157}},"400":{"start":{"line":1,"column":13166},"end":{"line":1,"column":13179}},"401":{"start":{"line":1,"column":13180},"end":{"line":1,"column":13204}},"402":{"start":{"line":1,"column":13204},"end":{"line":1,"column":13223}},"403":{"start":{"line":1,"column":13223},"end":{"line":1,"column":13328}},"404":{"start":{"line":1,"column":13235},"end":{"line":1,"column":13291}},"405":{"start":{"line":1,"column":13291},"end":{"line":1,"column":13327}},"406":{"start":{"line":1,"column":13329},"end":{"line":1,"column":13335}},"407":{"start":{"line":1,"column":13335},"end":{"line":1,"column":13357}},"408":{"start":{"line":1,"column":13348},"end":{"line":1,"column":13356}},"409":{"start":{"line":1,"column":13357},"end":{"line":1,"column":13379}},"410":{"start":{"line":1,"column":13371},"end":{"line":1,"column":13378}},"411":{"start":{"line":1,"column":13389},"end":{"line":1,"column":13391}},"412":{"start":{"line":1,"column":13410},"end":{"line":1,"column":13581}},"413":{"start":{"line":1,"column":13453},"end":{"line":1,"column":13457}},"414":{"start":{"line":1,"column":13458},"end":{"line":1,"column":13580}},"415":{"start":{"line":1,"column":13485},"end":{"line":1,"column":13494}},"416":{"start":{"line":1,"column":13502},"end":{"line":1,"column":13579}},"417":{"start":{"line":1,"column":13523},"end":{"line":1,"column":13578}},"418":{"start":{"line":1,"column":13600},"end":{"line":1,"column":13691}},"419":{"start":{"line":1,"column":13634},"end":{"line":1,"column":13690}},"420":{"start":{"line":1,"column":13691},"end":{"line":1,"column":13703}},"421":{"start":{"line":1,"column":13704},"end":{"line":1,"column":13727}},"422":{"start":{"line":1,"column":13727},"end":{"line":1,"column":14197}},"423":{"start":{"line":1,"column":14197},"end":{"line":1,"column":14734}},"424":{"start":{"line":1,"column":14734},"end":{"line":1,"column":14774}},"425":{"start":{"line":1,"column":14774},"end":{"line":1,"column":14887}},"426":{"start":{"line":1,"column":14887},"end":{"line":1,"column":14935}},"427":{"start":{"line":1,"column":14935},"end":{"line":1,"column":15040}},"428":{"start":{"line":1,"column":15040},"end":{"line":1,"column":15094}},"429":{"start":{"line":1,"column":15094},"end":{"line":1,"column":15182}},"430":{"start":{"line":1,"column":15182},"end":{"line":1,"column":15289}},"431":{"start":{"line":1,"column":15289},"end":{"line":1,"column":15398}},"432":{"start":{"line":1,"column":15398},"end":{"line":1,"column":15493}},"433":{"start":{"line":1,"column":15493},"end":{"line":1,"column":15566}},"434":{"start":{"line":1,"column":15566},"end":{"line":1,"column":15711}},"435":{"start":{"line":1,"column":15711},"end":{"line":1,"column":15750}},"436":{"start":{"line":1,"column":15773},"end":{"line":1,"column":15788}},"437":{"start":{"line":1,"column":15789},"end":{"line":1,"column":15985}},"438":{"start":{"line":1,"column":15802},"end":{"line":1,"column":15817}},"439":{"start":{"line":1,"column":15826},"end":{"line":1,"column":15838}},"440":{"start":{"line":1,"column":15839},"end":{"line":1,"column":15856}},"441":{"start":{"line":1,"column":15856},"end":{"line":1,"column":15874}},"442":{"start":{"line":1,"column":15874},"end":{"line":1,"column":15888}},"443":{"start":{"line":1,"column":15888},"end":{"line":1,"column":15899}},"444":{"start":{"line":1,"column":15899},"end":{"line":1,"column":15904}},"445":{"start":{"line":1,"column":15917},"end":{"line":1,"column":15984}},"446":{"start":{"line":1,"column":15943},"end":{"line":1,"column":15983}},"447":{"start":{"line":1,"column":16015},"end":{"line":1,"column":16044}},"448":{"start":{"line":1,"column":16045},"end":{"line":1,"column":16061}},"449":{"start":{"line":1,"column":16061},"end":{"line":1,"column":16078}},"450":{"start":{"line":1,"column":16069},"end":{"line":1,"column":16077}},"451":{"start":{"line":1,"column":16086},"end":{"line":1,"column":16137}},"452":{"start":{"line":1,"column":16138},"end":{"line":1,"column":16143}},"453":{"start":{"line":1,"column":16143},"end":{"line":1,"column":16162}},"454":{"start":{"line":1,"column":16195},"end":{"line":1,"column":16236}},"455":{"start":{"line":1,"column":16246},"end":{"line":1,"column":16277}},"456":{"start":{"line":1,"column":16286},"end":{"line":1,"column":16288}},"457":{"start":{"line":1,"column":16289},"end":{"line":1,"column":16397}},"458":{"start":{"line":1,"column":16329},"end":{"line":1,"column":16396}},"459":{"start":{"line":1,"column":16377},"end":{"line":1,"column":16395}},"460":{"start":{"line":1,"column":16397},"end":{"line":1,"column":16407}},"461":{"start":{"line":1,"column":16415},"end":{"line":1,"column":16419}},"462":{"start":{"line":1,"column":16420},"end":{"line":1,"column":16484}},"463":{"start":{"line":1,"column":16433},"end":{"line":1,"column":16483}},"464":{"start":{"line":1,"column":16460},"end":{"line":1,"column":16479}},"465":{"start":{"line":1,"column":16492},"end":{"line":1,"column":16493}},"466":{"start":{"line":1,"column":16509},"end":{"line":1,"column":16541}},"467":{"start":{"line":1,"column":16551},"end":{"line":1,"column":16568}},"468":{"start":{"line":1,"column":16592},"end":{"line":1,"column":16652}},"469":{"start":{"line":1,"column":16653},"end":{"line":1,"column":17332}},"470":{"start":{"line":1,"column":16705},"end":{"line":1,"column":16709}},"471":{"start":{"line":1,"column":16719},"end":{"line":1,"column":16731}},"472":{"start":{"line":1,"column":16732},"end":{"line":1,"column":17331}},"473":{"start":{"line":1,"column":16778},"end":{"line":1,"column":16790}},"474":{"start":{"line":1,"column":16798},"end":{"line":1,"column":16878}},"475":{"start":{"line":1,"column":16849},"end":{"line":1,"column":16877}},"476":{"start":{"line":1,"column":16878},"end":{"line":1,"column":16899}},"477":{"start":{"line":1,"column":16887},"end":{"line":1,"column":16898}},"478":{"start":{"line":1,"column":16908},"end":{"line":1,"column":16913}},"479":{"start":{"line":1,"column":16914},"end":{"line":1,"column":17124}},"480":{"start":{"line":1,"column":16968},"end":{"line":1,"column":17123}},"481":{"start":{"line":1,"column":17106},"end":{"line":1,"column":17116}},"482":{"start":{"line":1,"column":17116},"end":{"line":1,"column":17122}},"483":{"start":{"line":1,"column":17124},"end":{"line":1,"column":17330}},"484":{"start":{"line":1,"column":17143},"end":{"line":1,"column":17188}},"485":{"start":{"line":1,"column":17189},"end":{"line":1,"column":17245}},"486":{"start":{"line":1,"column":17245},"end":{"line":1,"column":17265}},"487":{"start":{"line":1,"column":17254},"end":{"line":1,"column":17264}},"488":{"start":{"line":1,"column":17265},"end":{"line":1,"column":17324}},"489":{"start":{"line":1,"column":17324},"end":{"line":1,"column":17329}},"490":{"start":{"line":1,"column":17332},"end":{"line":1,"column":17394}},"491":{"start":{"line":1,"column":17351},"end":{"line":1,"column":17370}},"492":{"start":{"line":1,"column":17378},"end":{"line":1,"column":17393}},"493":{"start":{"line":1,"column":17387},"end":{"line":1,"column":17392}},"494":{"start":{"line":1,"column":17395},"end":{"line":1,"column":17399}},"495":{"start":{"line":1,"column":17400},"end":{"line":1,"column":17426}},"496":{"start":{"line":1,"column":17426},"end":{"line":1,"column":17449}},"497":{"start":{"line":1,"column":17449},"end":{"line":1,"column":17730}},"498":{"start":{"line":1,"column":17735},"end":{"line":1,"column":18530}},"499":{"start":{"line":1,"column":18530},"end":{"line":1,"column":19339}},"500":{"start":{"line":1,"column":19339},"end":{"line":1,"column":19488}},"501":{"start":{"line":1,"column":19488},"end":{"line":1,"column":19583}}},"fnMap":{"0":{"name":"(anonymous_0)","decl":{"start":{"line":1,"column":55},"end":{"line":1,"column":56}},"loc":{"start":{"line":1,"column":67},"end":{"line":1,"column":17731}},"line":1},"1":{"name":"k","decl":{"start":{"line":1,"column":2622},"end":{"line":1,"column":2623}},"loc":{"start":{"line":1,"colu
[...]
"end":{"line":1,"column":17123}}],"line":1},"130":{"loc":{"start":{"line":1,"column":16972},"end":{"line":1,"column":17103}},"type":"binary-expr","locations":[{"start":{"line":1,"column":16973},"end":{"line":1,"column":16993}},{"start":{"line":1,"column":16997},"end":{"line":1,"column":17018}},{"start":{"line":1,"column":17022},"end":{"line":1,"column":17042}},{"start":{"line":1,"column":17047},"end":{"line":1,"column":17059}},{"start":{"line":1,"column":17063},"end":{"line":1,"column":17103}}],"line":1},"131":{"loc":{"start":{"line":1,"column":17124},"end":{"line":1,"column":17330}},"type":"if","locations":[{"start":{"line":1,"column":17124},"end":{"line":1,"column":17330}},{"start":{"line":1,"column":17124},"end":{"line":1,"column":17330}}],"line":1},"132":{"loc":{"start":{"line":1,"column":17194},"end":{"line":1,"column":17244}},"type":"cond-expr","locations":[{"start":{"line":1,"column":17199},"end":{"line":1,"column":17236}},{"start":{"line":1,"column":17239},"end":{"line":1,"column":17244}}],"line":1},"133":{"loc":{"start":{"line":1,"column":17199},"end":{"line":1,"column":17236}},"type":"cond-expr","locations":[{"start":{"line":1,"column":17223},"end":{"line":1,"column":17229}},{"start":{"line":1,"column":17232},"end":{"line":1,"column":17236}}],"line":1},"134":{"loc":{"start":{"line":1,"column":17199},"end":{"line":1,"column":17220}},"type":"binary-expr","locations":[{"start":{"line":1,"column":17199},"end":{"line":1,"column":17204}},{"start":{"line":1,"column":17208},"end":{"line":1,"column":17220}}],"line":1},"135":{"loc":{"start":{"line":1,"column":17245},"end":{"line":1,"column":17265}},"type":"if","locations":[{"start":{"line":1,"column":17245},"end":{"line":1,"column":17265}},{"start":{"line":1,"column":17245},"end":{"line":1,"column":17265}}],"line":1},"136":{"loc":{"start":{"line":1,"column":17332},"end":{"line":1,"column":17394}},"type":"if","locations":[{"start":{"line":1,"column":17332},"end":{"line":1,"column":17394}},{"start":{"line":1,"column":17332},"end":{"line":1,"column":17394}}],"line":1},"137":{"loc":{"start":{"line":1,"column":17378},"end":{"line":1,"column":17393}},"type":"if","locations":[{"start":{"line":1,"column":17378},"end":{"line":1,"column":17393}},{"start":{"line":1,"column":17378},"end":{"line":1,"column":17393}}],"line":1}},"s":{"0":0,"1":0,"2":0,"3":0,"4":0,"5":0,"6":0,"7":0,"8":0,"9":0,"10":0,"11":0,"12":0,"13":0,"14":0,"15":0,"16":0,"17":0,"18":0,"19":0,"20":0,"21":0,"22":0,"23":0,"24":0,"25":0,"26":0,"27":0,"28":0,"29":0,"30":0,"31":0,"32":0,"33":0,"34":0,"35":0,"36":0,"37":0,"38":0,"39":0,"40":0,"41":0,"42":0,"43":0,"44":0,"45":0,"46":0,"47":0,"48":0,"49":0,"50":0,"51":0,"52":0,"53":0,"54":0,"55":0,"56":0,"57":0,"58":0,"59":0,"60":0,"61":0,"62":0,"63":0,"64":0,"65":0,"66":0,"67":0,"68":0,"69":0,"70":0,"71":0,"72":0,"73":0,"74":0,"75":0,"76":0,"77":0,"78":0,"79":0,"80":0,"81":0,"82":0,"83":0,"84":0,"85":0,"86":0,"87":0,"88":0,"89":0,"90":0,"91":0,"92":0,"93":0,"94":0,"95":0,"96":0,"97":0,"98":0,"99":0,"100":0,"101":0,"102":0,"103":0,"104":0,"105":0,"106":0,"107":0,"108":0,"109":0,"110":0,"111":0,"112":0,"113":0,"114":0,"115":0,"116":0,"117":0,"118":0,"119":0,"120":0,"121":0,"122":0,"123":0,"124":0,"125":0,"126":0,"127":0,"128":0,"129":0,"130":0,"131":0,"132":0,"133":0,"134":0,"135":0,"136":0,"137":0,"138":0,"139":0,"140":0,"141":0,"142":0,"143":0,"144":0,"145":0,"146":0,"147":0,"148":0,"149":0,"150":0,"151":0,"152":0,"153":0,"154":0,"155":0,"156":0,"157":0,"158":0,"159":0,"160":0,"161":0,"162":0,"163":0,"164":0,"165":0,"166":0,"167":0,"168":0,"169":0,"170":0,"171":0,"172":0,"173":0,"174":0,"175":0,"176":0,"177":0,"178":0,"179":0,"180":0,"181":0,"182":0,"183":0,"184":0,"185":0,"186":0,"187":0,"188":0,"189":0,"190":0,"191":0,"192":0,"193":0,"194":0,"195":0,"196":0,"197":0,"198":0,"199":0,"200":0,"201":0,"202":0,"203":0,"204":0,"205":0,"206":0,"207":0,"208":0,"209":0,"210":0,"211":0,"212":0,"213":0,"214":0,"215":0,"216":0,"217":0,"218":0,"219":0,"220":0,"221":0,"222":0,"223":0,"224":0,"225":0,"226":0,"227":0,"228":0,"229":0,"230":0,"231":0,"232":0,"233":0,"234":0,"235":0,"236":0,"237":0,"238":0,"239":0,"240":0,"241":0,"242":0,"243":0,"244":0,"245":0,"246":0,"247":0,"248":0,"249":0,"250":0,"251":0,"252":0,"253":0,"254":0,"255":0,"256":0,"257":0,"258":0,"259":0,"260":0,"261":0,"262":0,"263":0,"264":0,"265":0,"266":0,"267":0,"268":0,"269":0,"270":0,"271":0,"272":0,"273":0,"274":0,"275":0,"276":0,"277":0,"278":0,"279":0,"280":0,"281":0,"282":0,"283":0,"284":0,"285":0,"286":0,"287":0,"288":0,"289":0,"290":0,"291":0,"292":0,"293":0,"294":0,"295":0,"296":0,"297":0,"298":0,"299":0,"300":0,"301":0,"302":0,"303":0,"304":0,"305":0,"306":0,"307":0,"308":0,"309":0,"310":0,"311":0,"312":0,"313":0,"314":0,"315":0,"316":0,"317":0,"318":0,"319":0,"320":0,"321":0,"322":0,"323":0,"324":0,"325":0,"326":0,"327":0,"328":0,"329":0,"330":0,"331":0,"332":0,"333":0,"334":0,"335":0,"336":0,"337":0,"338":0,"339":0,"340":0,"341":0,"342":0,"343":0,"344":0,"345":0,"346":0,"347":0,"348":0,"349":0,"350":0,"351":0,"352":0,"353":0,"354":0,"355":0,"356":0,"357":0,"358":0,"359":0,"360":0,"361":0,"362":0,"363":0,"364":0,"365":0,"366":0,"367":0,"368":0,"369":0,"370":0,"371":0,"372":0,"373":0,"374":0,"375":0,"376":0,"377":0,"378":0,"379":0,"380":0,"381":0,"382":0,"383":0,"384":0,"385":0,"386":0,"387":0,"388":0,"389":0,"390":0,"391":0,"392":0,"393":0,"394":0,"395":0,"396":0,"397":0,"398":0,"399":0,"400":0,"401":0,"402":0,"403":0,"404":0,"405":0,"406":0,"407":0,"408":0,"409":0,"410":0,"411":0,"412":0,"413":0,"414":0,"415":0,"416":0,"417":0,"418":0,"419":0,"420":0,"421":0,"422":0,"423":0,"424":0,"425":0,"426":0,"427":0,"428":0,"429":0,"430":0,"431":0,"432":0,"433":0,"434":0,"435":0,"436":0,"437":0,"438":0,"439":0,"440":0,"441":0,"442":0,"443":0,"444":0,"445":0,"446":0,"447":0,"448":0,"449":0,"450":0,"451":0,"452":0,"453":0,"454":0,"455":0,"456":0,"457":0,"458":0,"459":0,"460":0,"461":0,"462":0,"463":0,"464":0,"465":0,"466":0,"467":0,"468":0,"469":0,"470":0,"471":0,"472":0,"473":0,"474":0,"475":0,"476":0,"477":0,"478":0,"479":0,"480":0,"481":0,"482":0,"483":0,"484":0,"485":0,"486":0,"487":0,"488":0,"489":0,"490":0,"491":0,"492":0,"493":0,"494":0,"495":0,"496":0,"497":0,"498":0,"499":0,"500":0,"501":0},"f":{"0":0,"1":0,"2":0,"3":0,"4":0,"5":0,"6":0,"7":0,"8":0,"9":0,"10":0,"11":0,"12":0,"13":0,"14":0,"15":0,"16":0,"17":0,"18":0,"19":0,"20":0,"21":0,"22":0,"23":0,"24":0,"25":0,"26":0,"27":0,"28":0},"b":{"0":[0,0],"1":[0,0],"2":[0,0],"3":[0,0],"4":[0,0],"5":[0,0],"6":[0,0],"7":[0,0],"8":[0,0],"9":[0,0],"10":[0,0],"11":[0,0,0,0],"12":[0,0],"13":[0,0],"14":[0,0],"15":[0,0],"16":[0,0],"17":[0,0],"18":[0,0],"19":[0,0],"20":[0,0],"21":[0,0],"22":[0,0],"23":[0,0],"24":[0,0],"25":[0,0],"26":[0,0],"27":[0,0],"28":[0,0],"29":[0,0],"30":[0,0],"31":[0,0],"32":[0,0],"33":[0,0],"34":[0,0],"35":[0,0],"36":[0,0],"37":[0,0],"38":[0,0],"39":[0,0],"40":[0,0],"41":[0,0],"42":[0,0],"43":[0,0],"44":[0,0],"45":[0,0],"46":[0,0],"47":[0,0],"48":[0,0],"49":[0,0,0],"50":[0,0],"51":[0,0],"52":[0,0],"53":[0,0],"54":[0,0],"55":[0,0],"56":[0,0],"57":[0,0],"58":[0,0],"59":[0,0],"60":[0,0],"61":[0,0],"62":[0,0],"63":[0,0],"64":[0,0],"65":[0,0],"66":[0,0],"67":[0,0],"68":[0,0],"69":[0,0],"70":[0,0],"71":[0,0],"72":[0,0],"73":[0,0],"74":[0,0],"75":[0,0],"76":[0,0],"77":[0,0],"78":[0,0],"79":[0,0],"80":[0,0],"81":[0,0],"82":[0,0],"83":[0,0],"84":[0,0],"85":[0,0],"86":[0,0],"87":[0,0],"88":[0,0,0],"89":[0,0],"90":[0,0],"91":[0,0],"92":[0,0],"93":[0,0],"94":[0,0],"95":[0,0],"96":[0,0],"97":[0,0],"98":[0,0],"99":[0,0],"100":[0,0],"101":[0,0],"102":[0,0],"103":[0,0],"104":[0,0],"105":[0,0],"106":[0,0],"107":[0,0],"108":[0,0],"109":[0,0],"110":[0,0],"111":[0,0],"112":[0,0],"113":[0,0],"114":[0,0],"115":[0,0],"116":[0,0],"117":[0,0],"118":[0,0],"119":[0,0],"120":[0,0],"121":[0,0],"122":[0,0],"123":[0,0],"124":[0,0],"125":[0,0],"126":[0,0],"127":[0,0,0],"128":[0,0],"129":[0,0],"130":[0,0,0,0,0],"131":[0,0],"132":[0,0],"133":[0,0],"134":[0,0],"135":[0,0],"136":[0,0],"137":[0,0]}}
,"/Users/didiandmalish/Desktop/vuestarter/Scripts/test/unit/coverage/lcov-report/sorter.js": {"path":"/Users/didiandmalish/Desktop/vuestarter/Scripts/test/unit/coverage/lcov-report/sorter.js","statementMap":{"0":{"start":{"line":1,"column":30},"end":{"line":166,"column":3}},"1":{"start":{"line":4,"column":16},"end":{"line":6,"column":17}},"2":{"start":{"line":11,"column":4},"end":{"line":11,"column":55}},"3":{"start":{"line":15,"column":4},"end":{"line":15,"column":48}},"4":{"start":{"line":19,"column":4},"end":{"line":19,"column":45}},"5":{"start":{"line":23,"column":4},"end":{"line":23,"column":54}},"6":{"start":{"line":28,"column":19},"end":{"line":28,"column":58}},"7":{"start":{"line":30,"column":11},"end":{"line":30,"column":13}},"8":{"start":{"line":34,"column":4},"end":{"line":46,"column":5}},"9":{"start":{"line":35,"column":6},"end":{"line":35,"column":28}},"10":{"start":{"line":36,"column":6},"end":{"line":39,"column":62}},"11":{"start":{"line":41,"column":6},"end":{"line":41,"column":21}},"12":{"start":{"line":42,"column":6},"end":{"line":45,"column":7}},"13":{"start":{"line":43,"column":8},"end":{"line":43,"column":52}},"14":{"start":{"line":44,"column":8},"end":{"line":44,"column":79}},"15":{"start":{"line":47,"column":4},"end":{"line":47,"column":16}},"16":{"start":{"line":52,"column":20},"end":{"line":52,"column":51}},"17":{"start":{"line":55,"column":11},"end":{"line":55,"column":13}},"18":{"start":{"line":58,"column":4},"end":{"line":66,"column":5}},"19":{"start":{"line":59,"column":6},"end":{"line":59,"column":29}},"20":{"start":{"line":60,"column":6},"end":{"line":60,"column":20}},"21":{"start":{"line":61,"column":6},"end":{"line":61,"column":47}},"22":{"start":{"line":62,"column":6},"end":{"line":64,"column":7}},"23":{"start":{"line":63,"column":8},"end":{"line":63,"column":26}},"24":{"start":{"line":65,"column":6},"end":{"line":65,"column":26}},"25":{"start":{"line":67,"column":4},"end":{"line":67,"column":16}},"26":{"start":{"line":71,"column":15},"end":{"line":71,"column":52}},"27":{"start":{"line":74,"column":4},"end":{"line":76,"column":5}},"28":{"start":{"line":75,"column":6},"end":{"line":75,"column":42}},"29":{"start":{"line":80,"column":14},"end":{"line":80,"column":29}},"30":{"start":{"line":81,"column":13},"end":{"line":85,"column":5}},"31":{"start":{"line":82,"column":6},"end":{"line":82,"column":22}},"32":{"start":{"line":83,"column":6},"end":{"line":83,"column":22}},"33":{"start":{"line":84,"column":6},"end":{"line":84,"column":40}},"34":{"start":{"line":86,"column":18},"end":{"line":86,"column":24}},"35":{"start":{"line":87,"column":16},"end":{"line":87,"column":65}},"36":{"start":{"line":88,"column":15},"end":{"line":88,"column":47}},"37":{"start":{"line":89,"column":11},"end":{"line":89,"column":13}},"38":{"start":{"line":92,"column":4},"end":{"line":96,"column":5}},"39":{"start":{"line":93,"column":6},"end":{"line":95,"column":8}},"40":{"start":{"line":94,"column":8},"end":{"line":94,"column":33}},"41":{"start":{"line":98,"column":4},"end":{"line":101,"column":5}},"42":{"start":{"line":99,"column":6},"end":{"line":99,"column":29}},"43":{"start":{"line":100,"column":6},"end":{"line":100,"column":41}},"44":{"start":{"line":103,"column":4},"end":{"line":103,"column":27}},"45":{"start":{"line":105,"column":4},"end":{"line":107,"column":5}},"46":{"start":{"line":106,"column":6},"end":{"line":106,"column":37}},"47":{"start":{"line":111,"column":14},"end":{"line":111,"column":45}},"48":{"start":{"line":112,"column":10},"end":{"line":112,"column":23}},"49":{"start":{"line":114,"column":4},"end":{"line":114,"column":67}},"50":{"start":{"line":115,"column":4},"end":{"line":115,"column":24}},"51":{"start":{"line":119,"column":4},"end":{"line":121,"column":14}},"52":{"start":{"line":127,"column":16},"end":{"line":142,"column":5}},"53":{"start":{"line":128,"column":16},"end":{"line":128,"column":23}},"54":{"start":{"line":130,"column":6},"end":{"line":141,"column":8}},"55":{"start":{"line":131,"column":19},"end":{"line":131,"column":38}},"56":{"start":{"line":133,"column":8},"end":{"line":135,"column":9}},"57":{"start":{"line":134,"column":10},"end":{"line":134,"column":35}},"58":{"start":{"line":136,"column":8},"end":{"line":136,"column":29}},"59":{"start":{"line":137,"column":8},"end":{"line":137,"column":31}},"60":{"start":{"line":138,"column":8},"end":{"line":138,"column":30}},"61":{"start":{"line":139,"column":8},"end":{"line":139,"column":32}},"62":{"start":{"line":140,"column":8},"end":{"line":140,"column":28}},"63":{"start":{"line":143,"column":4},"end":{"line":154,"column":5}},"64":{"start":{"line":144,"column":6},"end":{"line":153,"column":7}},"65":{"start":{"line":147,"column":8},"end":{"line":147,"column":68}},"66":{"start":{"line":148,"column":8},"end":{"line":152,"column":9}},"67":{"start":{"line":149,"column":10},"end":{"line":149,"column":53}},"68":{"start":{"line":151,"column":10},"end":{"line":151,"column":50}},"69":{"start":{"line":157,"column":2},"end":{"line":165,"column":4}},"70":{"start":{"line":158,"column":4},"end":{"line":160,"column":5}},"71":{"start":{"line":159,"column":6},"end":{"line":159,"column":13}},"72":{"start":{"line":161,"column":4},"end":{"line":161,"column":25}},"73":{"start":{"line":162,"column":4},"end":{"line":162,"column":19}},"74":{"start":{"line":163,"column":4},"end":{"line":163,"column":24}},"75":{"start":{"line":164,"column":4},"end":{"line":164,"column":15}},"76":{"start":{"line":168,"column":0},"end":{"line":168,"column":44}}},"fnMap":{"0":{"name":"(anonymous_0)","decl":{"start":{"line":1,"column":30},"end":{"line":1,"column":31}},"loc":{"start":{"line":1,"column":42},"end":{"line":166,"column":1}},"line":1},"1":{"name":"getTable","decl":{"start":{"line":10,"column":11},"end":{"line":10,"column":19}},"loc":{"start":{"line":10,"column":22},"end":{"line":12,"column":3}},"line":10},"2":{"name":"getTableHeader","decl":{"start":{"line":14,"column":11},"end":{"line":14,"column":25}},"loc":{"start":{"line":14,"column":28},"end":{"line":16,"column":3}},"line":14},"3":{"name":"getTableBody","decl":{"start":{"line":18,"column":11},"end":{"line":18,"column":23}},"loc":{"start":{"line":18,"column":26},"end":{"line":20,"column":3}},"line":18},"4":{"name":"getNthColumn","decl":{"start":{"line":22,"column":11},"end":{"line":22,"column":23}},"loc":{"start":{"line":22,"column":27},"end":{"line":24,"column":3}},"line":22},"5":{"name":"loadColumns","decl":{"start":{"line":27,"column":11},"end":{"line":27,"column":22}},"loc":{"start":{"line":27,"column":25},"end":{"line":48,"column":3}},"line":27},"6":{"name":"loadRowData","decl":{"start":{"line":51,"column":11},"end":{"line":51,"column":22}},"loc":{"start":{"line":51,"column":33},"end":{"line":68,"column":3}},"line":51},"7":{"name":"loadData","decl":{"start":{"line":70,"column":11},"end":{"line":70,"column":19}},"loc":{"start":{"line":70,"column":22},"end":{"line":77,"column":3}},"line":70},"8":{"name":"sortByIndex","decl":{"start":{"line":79,"column":11},"end":{"line":79,"column":22}},"loc":{"start":{"line":79,"column":36},"end":{"line":108,"column":3}},"line":79},"9":{"name":"sorter","decl":{"start":{"line":81,"column":22},"end":{"line":81,"column":28}},"loc":{"start":{"line":81,"column":35},"end":{"line":85,"column":5}},"line":81},"10":{"name":"finalSorter","decl":{"start":{"line":93,"column":29},"end":{"line":93,"column":40}},"loc":{"start":{"line":93,"column":47},"end":{"line":95,"column":7}},"line":93},"11":{"name":"removeSortIndicators","decl":{"start":{"line":110,"column":11},"end":{"line":110,"column":31}},"loc":{"start":{"line":110,"column":34},"end":{"line":116,"column":3}},"line":110},"12":{"name":"addSortIndicators","decl":{"start":{"line":118,"column":11},"end":{"line":118,"column":28}},"loc":{"start":{"line":118,"column":31},"end":{"line":122,"column":3}},"line":118},"13":{"name":"enableUI","decl":{"start":{"line":124,"column":11},"end":{"line":124,"column":19}},"loc":{"start":{"line":124,"column":22},"end":{"line":155,"column":3}},"line":124},"14":{"name":"ithSorter","decl":{"start":{"line":127,"column":25},"end":{"line":127,"column":34}},"loc":{"start":{"line":127,"column":38},"end":{"line":142,"column":5}},"line":127},"15":{"name":"(anonymous_15)","decl":{"start":{"line":130,"column":13},"end":{"line":130,"column":14}},"loc":{"start":{"line":130,"column":25},"end":{"line":141,"column":7}},"line":130},"16":{"name":"(anonymous_16)","decl":{"start":{"line":157,"column":9},"end":{"line":157,"column":10}},"loc":{"start":{"line":157,"column":21},"end":{"line":165,"column":3}},"line":157}},"branchMap":{"0":{"loc":{"start":{"line":39,"column":14},"end":{"line":39,"column":59}},"type":"binary-expr","locations":[{"start":{"line":39,"column":14},"end":{"line":39,"column":47}},{"start":{"line":39,"column":51},"end":{"line":39,"column":59}}],"line":39},"1":{"loc":{"start":{"line":42,"column":6},"end":{"line":45,"column":7}},"type":"if","locations":[{"start":{"line":42,"column":6},"end":{"line":45,"column":7}},{"start":{"line":42,"column":6},"end":{"line":45,"column":7}}],"line":42},"2":{"loc":{"start":{"line":62,"column":6},"end":{"line":64,"column":7}},"type":"if","locations":[{"start":{"line":62,"column":6},"end":{"line":64,"column":7}},{"start":{"line":62,"column":6},"end":{"line":64,"column":7}}],"line":62},"3":{"loc":{"start":{"line":84,"column":13},"end":{"line":84,"column":39}},"type":"cond-expr","locations":[{"start":{"line":84,"column":21},"end":{"line":84,"column":23}},{"start":{"line":84,"column":26},"end":{"line":84,"column":39}}],"line":84},"4":{"loc":{"start":{"line":84,"column":26},"end":{"line":84,"column":39}},"type":"cond-expr","locations":[{"start":{"line":84,"column":34},"end":{"line":84,"column":35}},{"start":{"line":84,"column":38},"end":{"line":84,"column":39}}],"line":84},"5":{"loc":{"start":{"line":92,"column":4},"end":{"line":96,"column":5}},"type":"if","locations":[{"start":{"line":92,"column":4},"end":{"line":96,"column":5}},{"start":{"line":92,"column":4},"end":{"line":96,"column":5}}],"line":92},"6":{"loc":{"start":{"line":119,"column":49},"end":{"line":121,"column":13}},"type":"cond-expr","locations":[{"start":{"line":120,"column":4},"end":{"line":120,"column":18}},{"start":{"line":121,"column":4},"end":{"line":121,"column":13}}],"line":119},"7":{"loc":{"start":{"line":133,"column":8},"end":{"line":135,"column":9}},"type":"if","locations":[{"start":{"line":133,"column":8},"end":{"line":135,"column":9}},{"start":{"line":133,"column":8},"end":{"line":135,"column":9}}],"line":133},"8":{"loc":{"start":{"line":144,"column":6},"end":{"line":153,"column":7}},"type":"if","locations":[{"start":{"line":144,"column":6},"end":{"line":153,"column":7}},{"start":{"line":144,"column":6},"end":{"line":153,"column":7}}],"line":144},"9":{"loc":{"start":{"line":148,"column":8},"end":{"line":152,"column":9}},"type":"if","locations":[{"start":{"line":148,"column":8},"end":{"line":152,"column":9}},{"start":{"line":148,"column":8},"end":{"line":152,"column":9}}],"line":148},"10":{"loc":{"start":{"line":158,"column":4},"end":{"line":160,"column":5}},"type":"if","locations":[{"start":{"line":158,"column":4},"end":{"line":160,"column":5}},{"start":{"line":158,"column":4},"end":{"line":160,"column":5}}],"line":158}},"s":{"0":0,"1":0,"2":0,"3":0,"4":0,"5":0,"6":0,"7":0,"8":0,"9":0,"10":0,"11":0,"12":0,"13":0,"14":0,"15":0,"16":0,"17":0,"18":0,"19":0,"20":0,"21":0,"22":0,"23":0,"24":0,"25":0,"26":0,"27":0,"28":0,"29":0,"30":0,"31":0,"32":0,"33":0,"34":0,"35":0,"36":0,"37":0,"38":0,"39":0,"40":0,"41":0,"42":0,"43":0,"44":0,"45":0,"46":0,"47":0,"48":0,"49":0,"50":0,"51":0,"52":0,"53":0,"54":0,"55":0,"56":0,"57":0,"58":0,"59":0,"60":0,"61":0,"62":0,"63":0,"64":0,"65":0,"66":0,"67":0,"68":0,"69":0,"70":0,"71":0,"72":0,"73":0,"74":0,"75":0,"76":0},"f":{"0":0,"1":0,"2":0,"3":0,"4":0,"5":0,"6":0,"7":0,"8":0,"9":0,"10":0,"11":0,"12":0,"13":0,"14":0,"15":0,"16":0},"b":{"0":[0,0],"1":[0,0],"2":[0,0],"3":[0,0],"4":[0,0],"5":[0,0],"6":[0,0],"7":[0,0],"8":[0,0],"9":[0,0],"10":[0,0]}}
}
